Installing Apache HTTP Server 2.x with
 DomainName    = example.com
 ServerName    = www.example.com
 ServerAdmin   = admin@example.com
 ServerPort    = 80
 ServerSslPort = 443
 ServerRoot    = /Apache24
Rewrote docs/conf/extra/httpd-autoindex.conf.in
 to /Apache24/conf/original/extra/httpd-autoindex.conf
Rewrote docs/conf/extra/httpd-vhosts.conf.in
 to /Apache24/conf/original/extra/httpd-vhosts.conf
Rewrote docs/conf/extra/httpd-default.conf.in
 to /Apache24/conf/original/extra/httpd-default.conf
Rewrote docs/conf/extra/httpd-manual.conf.in
 to /Apache24/conf/original/extra/httpd-manual.conf
Rewrote docs/conf/extra/httpd-mpm.conf.in
 to /Apache24/conf/original/extra/httpd-mpm.conf
Rewrote docs/conf/extra/httpd-info.conf.in
 to /Apache24/conf/original/extra/httpd-info.conf
Rewrote docs/conf/extra/httpd-dav.conf.in
 to /Apache24/conf/original/extra/httpd-dav.conf
Rewrote docs/conf/extra/proxy-html.conf.in
 to /Apache24/conf/original/extra/proxy-html.conf
Rewrote docs/conf/extra/httpd-languages.conf.in
 to /Apache24/conf/original/extra/httpd-languages.conf
Rewrote docs/conf/httpd.conf.in
 to /Apache24/conf/original/httpd.conf
Rewrote docs/conf/extra/httpd-userdir.conf.in
 to /Apache24/conf/original/extra/httpd-userdir.conf
Rewrote docs/conf/extra/httpd-ssl.conf.in
 to /Apache24/conf/original/extra/httpd-ssl.conf
Rewrote docs/conf/extra/httpd-multilang-errordoc.conf.in
 to /Apache24/conf/original/extra/httpd-multilang-errordoc.conf
Duplicated /Apache24/conf/original/magic
 to /Apache24/conf/magic
Duplicated /Apache24/conf/original/extra/httpd-autoindex.conf
 to /Apache24/conf/extra/httpd-autoindex.conf
Duplicated /Apache24/conf/original/extra/httpd-vhosts.conf
 to /Apache24/conf/extra/httpd-vhosts.conf
Duplicated /Apache24/conf/original/extra/httpd-default.conf
 to /Apache24/conf/extra/httpd-default.conf
Duplicated /Apache24/conf/original/mime.types
 to /Apache24/conf/mime.types
Duplicated /Apache24/conf/original/charset.conv
 to /Apache24/conf/charset.conv
Duplicated /Apache24/conf/original/extra/httpd-manual.conf
 to /Apache24/conf/extra/httpd-manual.conf
Duplicated /Apache24/conf/original/extra/httpd-mpm.conf
 to /Apache24/conf/extra/httpd-mpm.conf
Duplicated /Apache24/conf/original/extra/httpd-info.conf
 to /Apache24/conf/extra/httpd-info.conf
Duplicated /Apache24/conf/original/extra/httpd-dav.conf
 to /Apache24/conf/extra/httpd-dav.conf
Duplicated /Apache24/conf/original/extra/proxy-html.conf
 to /Apache24/conf/extra/proxy-html.conf
Duplicated /Apache24/conf/original/extra/httpd-languages.conf
 to /Apache24/conf/extra/httpd-languages.conf
Duplicated /Apache24/conf/original/httpd.conf
 to /Apache24/conf/httpd.conf
Duplicated /Apache24/conf/original/extra/httpd-userdir.conf
 to /Apache24/conf/extra/httpd-userdir.conf
Duplicated /Apache24/conf/original/extra/httpd-ssl.conf
 to /Apache24/conf/extra/httpd-ssl.conf
Duplicated /Apache24/conf/original/extra/httpd-multilang-errordoc.conf
 to /Apache24/conf/extra/httpd-multilang-errordoc.conf
