::1 - - [30/Mar/2022:11:06:16 -0400] "GET /MAMP/ HTTP/1.1" 200 3449
::1 - - [30/Mar/2022:11:06:17 -0400] "GET /MAMP/css/bootstrap.css HTTP/1.1" 200 126432
::1 - - [30/Mar/2022:11:06:17 -0400] "GET /MAMP/css/style.css?t=1648652776 HTTP/1.1" 200 6814
::1 - - [30/Mar/2022:11:06:17 -0400] "GET /MAMP/css/screen.css HTTP/1.1" 200 1414
::1 - - [30/Mar/2022:11:06:17 -0400] "GET /MAMP/js/jquery-1.10.2.min.js HTTP/1.1" 200 93107
::1 - - [30/Mar/2022:11:06:17 -0400] "GET /MAMP/js/bootstrap.min.js HTTP/1.1" 200 27748
::1 - - [30/Mar/2022:11:06:17 -0400] "GET /MAMP/feed/images/627.png HTTP/1.1" 200 6932
::1 - - [30/Mar/2022:11:06:17 -0400] "GET /MAMP/feed/images/923.png HTTP/1.1" 200 3046
::1 - - [30/Mar/2022:11:06:17 -0400] "GET /MAMP/images/headers/cloud.png HTTP/1.1" 200 33252
::1 - - [30/Mar/2022:11:06:17 -0400] "GET /MAMP/images/headers/mamppro.png HTTP/1.1" 200 31953
::1 - - [30/Mar/2022:11:06:17 -0400] "GET /MAMP/images/headers/news.png HTTP/1.1" 200 35501
::1 - - [30/Mar/2022:11:06:17 -0400] "GET /MAMP/images/favicon.ico HTTP/1.1" 200 1150
::1 - - [30/Mar/2022:11:06:19 -0400] "GET /MAMP/feed/needsUpdate.txt HTTP/1.1" 200 1
::1 - - [30/Mar/2022:11:06:26 -0400] "GET /MAMP/feed/images/637.png HTTP/1.1" 200 1049
::1 - - [30/Mar/2022:11:10:32 -0400] "GET /MAMP/phpmyadmin.php?lang=en HTTP/1.1" 302 20
::1 - - [30/Mar/2022:11:10:32 -0400] "GET /phpMyAdmin/?lang=en HTTP/1.1" 200 98550
::1 - - [30/Mar/2022:11:10:33 -0400] "GET /phpMyAdmin/themes/pmahomme/jquery/jquery-ui.css HTTP/1.1" 200 36566
::1 - - [30/Mar/2022:11:10:33 -0400] "GET /phpMyAdmin/js/vendor/codemirror/lib/codemirror.css?v=5.0.4 HTTP/1.1" 200 8705
::1 - - [30/Mar/2022:11:10:33 -0400] "GET /phpMyAdmin/js/vendor/codemirror/addon/hint/show-hint.css?v=5.0.4 HTTP/1.1" 200 623
::1 - - [30/Mar/2022:11:10:33 -0400] "GET /phpMyAdmin/js/vendor/codemirror/addon/lint/lint.css?v=5.0.4 HTTP/1.1" 200 2999
::1 - - [30/Mar/2022:11:10:33 -0400] "GET /phpMyAdmin/themes/pmahomme/css/theme.css?v=5.0.4&nocache=6515731986ltr&server=1 HTTP/1.1" 200 100467
::1 - - [30/Mar/2022:11:10:33 -0400] "GET /phpMyAdmin/js/vendor/jquery/jquery.min.js?v=5.0.4 HTTP/1.1" 200 88145
::1 - - [30/Mar/2022:11:10:33 -0400] "GET /phpMyAdmin/js/vendor/jquery/jquery-migrate.js?v=5.0.4 HTTP/1.1" 200 19092
::1 - - [30/Mar/2022:11:10:33 -0400] "GET /phpMyAdmin/js/vendor/sprintf.js?v=5.0.4 HTTP/1.1" 200 7387
::1 - - [30/Mar/2022:11:10:33 -0400] "GET /phpMyAdmin/js/ajax.js?v=5.0.4 HTTP/1.1" 200 36837
::1 - - [30/Mar/2022:11:10:33 -0400] "GET /phpMyAdmin/js/keyhandler.js?v=5.0.4 HTTP/1.1" 200 3337
::1 - - [30/Mar/2022:11:10:33 -0400] "GET /phpMyAdmin/js/vendor/bootstrap/bootstrap.bundle.min.js?v=5.0.4 HTTP/1.1" 200 78635
::1 - - [30/Mar/2022:11:10:33 -0400] "GET /phpMyAdmin/js/vendor/jquery/jquery-ui.min.js?v=5.0.4 HTTP/1.1" 200 253681
::1 - - [30/Mar/2022:11:10:33 -0400] "GET /phpMyAdmin/js/vendor/js.cookie.js?v=5.0.4 HTTP/1.1" 200 3883
::1 - - [30/Mar/2022:11:10:33 -0400] "GET /phpMyAdmin/js/vendor/jquery/jquery.event.drag-2.2.js?v=5.0.4 HTTP/1.1" 200 12832
::1 - - [30/Mar/2022:11:10:33 -0400] "GET /phpMyAdmin/js/vendor/jquery/jquery.mousewheel.js?v=5.0.4 HTTP/1.1" 200 8267
::1 - - [30/Mar/2022:11:10:33 -0400] "GET /phpMyAdmin/js/vendor/jquery/jquery.validate.js?v=5.0.4 HTTP/1.1" 200 50690
::1 - - [30/Mar/2022:11:10:33 -0400] "GET /phpMyAdmin/js/vendor/jquery/jquery-ui-timepicker-addon.js?v=5.0.4 HTTP/1.1" 200 78475
::1 - - [30/Mar/2022:11:10:33 -0400] "GET /phpMyAdmin/js/vendor/jquery/jquery.ba-hashchange-1.3.js?v=5.0.4 HTTP/1.1" 200 16522
::1 - - [30/Mar/2022:11:10:33 -0400] "GET /phpMyAdmin/js/vendor/jquery/jquery.debounce-1.0.5.js?v=5.0.4 HTTP/1.1" 200 1169
::1 - - [30/Mar/2022:11:10:33 -0400] "GET /phpMyAdmin/js/menu_resizer.js?v=5.0.4 HTTP/1.1" 200 8276
::1 - - [30/Mar/2022:11:10:33 -0400] "GET /phpMyAdmin/js/rte.js?v=5.0.4 HTTP/1.1" 200 48093
::1 - - [30/Mar/2022:11:10:33 -0400] "GET /phpMyAdmin/js/vendor/tracekit.js?v=5.0.4 HTTP/1.1" 200 45389
::1 - - [30/Mar/2022:11:10:33 -0400] "GET /phpMyAdmin/js/error_report.js?v=5.0.4 HTTP/1.1" 200 10882
::1 - - [30/Mar/2022:11:10:33 -0400] "GET /phpMyAdmin/js/config.js?v=5.0.4 HTTP/1.1" 200 27402
::1 - - [30/Mar/2022:11:10:33 -0400] "GET /phpMyAdmin/js/doclinks.js?v=5.0.4 HTTP/1.1" 200 18970
::1 - - [30/Mar/2022:11:10:33 -0400] "GET /phpMyAdmin/js/functions.js?v=5.0.4 HTTP/1.1" 200 178192
::1 - - [30/Mar/2022:11:10:33 -0400] "GET /phpMyAdmin/js/navigation.js?v=5.0.4 HTTP/1.1" 200 62816
::1 - - [30/Mar/2022:11:10:33 -0400] "GET /phpMyAdmin/js/indexes.js?v=5.0.4 HTTP/1.1" 200 29855
::1 - - [30/Mar/2022:11:10:33 -0400] "GET /phpMyAdmin/js/common.js?v=5.0.4 HTTP/1.1" 200 4662
::1 - - [30/Mar/2022:11:10:33 -0400] "GET /phpMyAdmin/js/page_settings.js?v=5.0.4 HTTP/1.1" 200 1746
::1 - - [30/Mar/2022:11:10:33 -0400] "GET /phpMyAdmin/js/drag_drop_import.js?v=5.0.4 HTTP/1.1" 200 14528
::1 - - [30/Mar/2022:11:10:33 -0400] "GET /phpMyAdmin/js/shortcuts_handler.js?v=5.0.4 HTTP/1.1" 200 3835
::1 - - [30/Mar/2022:11:10:33 -0400] "GET /phpMyAdmin/js/vendor/codemirror/lib/codemirror.js?v=5.0.4 HTTP/1.1" 200 395660
::1 - - [30/Mar/2022:11:10:33 -0400] "GET /phpMyAdmin/js/vendor/codemirror/mode/sql/sql.js?v=5.0.4 HTTP/1.1" 200 47451
::1 - - [30/Mar/2022:11:10:33 -0400] "GET /phpMyAdmin/js/vendor/codemirror/addon/runmode/runmode.js?v=5.0.4 HTTP/1.1" 200 2500
::1 - - [30/Mar/2022:11:10:33 -0400] "GET /phpMyAdmin/js/vendor/codemirror/addon/hint/show-hint.js?v=5.0.4 HTTP/1.1" 200 17378
::1 - - [30/Mar/2022:11:10:33 -0400] "GET /phpMyAdmin/js/vendor/codemirror/addon/hint/sql-hint.js?v=5.0.4 HTTP/1.1" 200 9599
::1 - - [30/Mar/2022:11:10:33 -0400] "GET /phpMyAdmin/js/vendor/codemirror/addon/lint/lint.js?v=5.0.4 HTTP/1.1" 200 8610
::1 - - [30/Mar/2022:11:10:33 -0400] "GET /phpMyAdmin/js/codemirror/addon/lint/sql-lint.js?v=5.0.4 HTTP/1.1" 200 1156
::1 - - [30/Mar/2022:11:10:33 -0400] "GET /phpMyAdmin/js/console.js?v=5.0.4 HTTP/1.1" 200 57024
::1 - - [30/Mar/2022:11:10:33 -0400] "GET /phpMyAdmin/js/whitelist.php?v=5.0.4&lang=en HTTP/1.1" 200 478
::1 - - [30/Mar/2022:11:10:33 -0400] "GET /phpMyAdmin/themes/pmahomme/img/logo_left.png HTTP/1.1" 200 2713
::1 - - [30/Mar/2022:11:10:33 -0400] "GET /phpMyAdmin/js/messages.php?l=en&v=5.0.4&lang=en HTTP/1.1" 200 8859
::1 - - [30/Mar/2022:11:10:33 -0400] "GET /phpMyAdmin/themes/dot.gif HTTP/1.1" 200 43
::1 - - [30/Mar/2022:11:10:33 -0400] "GET /phpMyAdmin/themes/pmahomme/css/printview.css?v=5.0.4 HTTP/1.1" 200 1455
::1 - - [30/Mar/2022:11:10:33 -0400] "GET /phpMyAdmin/themes/pmahomme/img/left_nav_bg.png HTTP/1.1" 200 146
::1 - - [30/Mar/2022:11:10:33 -0400] "GET /phpMyAdmin/themes/pmahomme/img/b_home.png HTTP/1.1" 200 734
::1 - - [30/Mar/2022:11:10:33 -0400] "GET /phpMyAdmin/themes/pmahomme/img/s_loggoff.png HTTP/1.1" 200 626
::1 - - [30/Mar/2022:11:10:33 -0400] "GET /phpMyAdmin/themes/pmahomme/img/b_docs.png HTTP/1.1" 200 705
::1 - - [30/Mar/2022:11:10:33 -0400] "GET /phpMyAdmin/themes/pmahomme/img/s_cog.png HTTP/1.1" 200 442
::1 - - [30/Mar/2022:11:10:33 -0400] "GET /phpMyAdmin/themes/pmahomme/img/b_sqlhelp.png HTTP/1.1" 200 512
::1 - - [30/Mar/2022:11:10:33 -0400] "GET /phpMyAdmin/themes/pmahomme/img/s_reload.png HTTP/1.1" 200 527
::1 - - [30/Mar/2022:11:10:33 -0400] "GET /phpMyAdmin/themes/pmahomme/img/s_link.png HTTP/1.1" 200 280
::1 - - [30/Mar/2022:11:10:33 -0400] "GET /phpMyAdmin/themes/pmahomme/img/b_newdb.png HTTP/1.1" 200 585
::1 - - [30/Mar/2022:11:10:33 -0400] "GET /phpMyAdmin/themes/pmahomme/img/b_plus.png HTTP/1.1" 200 143
::1 - - [30/Mar/2022:11:10:33 -0400] "GET /phpMyAdmin/themes/pmahomme/img/s_db.png HTTP/1.1" 200 328
::1 - - [30/Mar/2022:11:10:33 -0400] "GET /phpMyAdmin/themes/pmahomme/img/b_sql.png HTTP/1.1" 200 680
::1 - - [30/Mar/2022:11:10:33 -0400] "GET /phpMyAdmin/themes/pmahomme/img/s_host.png HTTP/1.1" 200 591
::1 - - [30/Mar/2022:11:10:33 -0400] "GET /phpMyAdmin/themes/pmahomme/img/s_status.png HTTP/1.1" 200 600
::1 - - [30/Mar/2022:11:10:33 -0400] "GET /phpMyAdmin/themes/pmahomme/img/s_rights.png HTTP/1.1" 200 461
::1 - - [30/Mar/2022:11:10:33 -0400] "GET /phpMyAdmin/themes/pmahomme/img/b_export.png HTTP/1.1" 200 514
::1 - - [30/Mar/2022:11:10:33 -0400] "GET /phpMyAdmin/themes/pmahomme/img/b_import.png HTTP/1.1" 200 556
::1 - - [30/Mar/2022:11:10:33 -0400] "GET /phpMyAdmin/themes/pmahomme/img/b_tblops.png HTTP/1.1" 200 537
::1 - - [30/Mar/2022:11:10:33 -0400] "GET /phpMyAdmin/themes/pmahomme/img/s_replication.png HTTP/1.1" 200 399
::1 - - [30/Mar/2022:11:10:33 -0400] "GET /phpMyAdmin/themes/pmahomme/img/s_vars.png HTTP/1.1" 200 523
::1 - - [30/Mar/2022:11:10:33 -0400] "GET /phpMyAdmin/themes/pmahomme/img/s_asci.png HTTP/1.1" 200 148
::1 - - [30/Mar/2022:11:10:33 -0400] "GET /phpMyAdmin/themes/pmahomme/img/b_engine.png HTTP/1.1" 200 398
::1 - - [30/Mar/2022:11:10:33 -0400] "GET /phpMyAdmin/themes/pmahomme/img/b_plugin.png HTTP/1.1" 200 512
::1 - - [30/Mar/2022:11:10:33 -0400] "GET /phpMyAdmin/themes/pmahomme/img/s_top.png HTTP/1.1" 200 220
::1 - - [30/Mar/2022:11:10:33 -0400] "GET /phpMyAdmin/themes/pmahomme/img/console.png HTTP/1.1" 200 292
::1 - - [30/Mar/2022:11:10:33 -0400] "GET /phpMyAdmin/themes/pmahomme/img/b_help.png HTTP/1.1" 200 705
::1 - - [30/Mar/2022:11:10:33 -0400] "GET /phpMyAdmin/themes/pmahomme/img/s_lang.png HTTP/1.1" 200 659
::1 - - [30/Mar/2022:11:10:33 -0400] "GET /phpMyAdmin/themes/pmahomme/img/s_theme.png HTTP/1.1" 200 772
::1 - - [30/Mar/2022:11:10:33 -0400] "GET /phpMyAdmin/themes/pmahomme/img/window-new.png HTTP/1.1" 200 468
::1 - - [30/Mar/2022:11:10:33 -0400] "POST /phpMyAdmin/ajax.php HTTP/1.1" 200 5391
::1 - - [30/Mar/2022:11:10:33 -0400] "GET /phpMyAdmin/themes/pmahomme/img/b_more.png HTTP/1.1" 200 111
::1 - - [30/Mar/2022:11:10:33 -0400] "POST /phpMyAdmin/navigation.php?ajax_request=1&lang=en HTTP/1.1" 200 9673
::1 - - [30/Mar/2022:11:10:33 -0400] "POST /phpMyAdmin/ajax.php HTTP/1.1" 200 5569
::1 - - [30/Mar/2022:11:10:34 -0400] "GET /phpMyAdmin/favicon.ico HTTP/1.1" 200 22486
::1 - - [30/Mar/2022:11:10:34 -0400] "POST /phpMyAdmin/ajax.php HTTP/1.1" 200 5379
::1 - - [30/Mar/2022:11:10:59 -0400] "GET /phpMyAdmin/themes/pmahomme/img/ajax_clock_small.gif HTTP/1.1" 200 1810
::1 - - [30/Mar/2022:11:10:59 -0400] "GET /phpMyAdmin/server_databases.php?lang=en&ajax_request=true&ajax_page_request=true&_nocache=1648653059861422801&token=217864665453362a5348692c424e3128 HTTP/1.1" 200 51713
::1 - - [30/Mar/2022:11:11:00 -0400] "GET /phpMyAdmin/themes/pmahomme/img/s_asc.png HTTP/1.1" 200 146
::1 - - [30/Mar/2022:11:11:00 -0400] "GET /phpMyAdmin/themes/pmahomme/img/b_deltbl.png HTTP/1.1" 200 577
::1 - - [30/Mar/2022:11:11:00 -0400] "GET /phpMyAdmin/themes/pmahomme/img/s_notice.png HTTP/1.1" 200 567
::1 - - [30/Mar/2022:11:11:00 -0400] "GET /phpMyAdmin/js/server/databases.js?v=5.0.4 HTTP/1.1" 200 5722
::1 - - [30/Mar/2022:11:11:00 -0400] "GET /phpMyAdmin/themes/pmahomme/img/arrow_ltr.png HTTP/1.1" 200 101
::1 - - [30/Mar/2022:11:11:12 -0400] "POST /phpMyAdmin/server_databases.php HTTP/1.1" 200 6680
::1 - - [30/Mar/2022:11:11:12 -0400] "GET /phpMyAdmin/themes/pmahomme/img/s_success.png HTTP/1.1" 200 465
::1 - - [30/Mar/2022:11:11:12 -0400] "POST /phpMyAdmin/navigation.php?ajax_request=1&lang=en HTTP/1.1" 200 10369
::1 - - [30/Mar/2022:11:11:12 -0400] "GET /phpMyAdmin/db_structure.php?db=vinylbuzz&ajax_request=true&ajax_page_request=true&_nocache=1648653072318128810&token=217864665453362a5348692c424e3128 HTTP/1.1" 200 12349
::1 - - [30/Mar/2022:11:11:12 -0400] "GET /phpMyAdmin/themes/pmahomme/img/b_props.png HTTP/1.1" 200 573
::1 - - [30/Mar/2022:11:11:12 -0400] "GET /phpMyAdmin/themes/pmahomme/img/b_search.png HTTP/1.1" 200 538
::1 - - [30/Mar/2022:11:11:12 -0400] "GET /phpMyAdmin/themes/pmahomme/img/b_routines.png HTTP/1.1" 200 306
::1 - - [30/Mar/2022:11:11:12 -0400] "GET /phpMyAdmin/themes/pmahomme/img/b_triggers.png HTTP/1.1" 200 446
::1 - - [30/Mar/2022:11:11:12 -0400] "GET /phpMyAdmin/themes/pmahomme/img/b_events.png HTTP/1.1" 200 703
::1 - - [30/Mar/2022:11:11:12 -0400] "GET /phpMyAdmin/themes/pmahomme/img/b_relations.png HTTP/1.1" 200 140
::1 - - [30/Mar/2022:11:11:12 -0400] "GET /phpMyAdmin/themes/pmahomme/img/b_table_add.png HTTP/1.1" 200 571
::1 - - [30/Mar/2022:11:11:12 -0400] "GET /phpMyAdmin/js/database/structure.js?v=5.0.4 HTTP/1.1" 200 15943
::1 - - [30/Mar/2022:11:11:12 -0400] "GET /phpMyAdmin/js/table/change.js?v=5.0.4 HTTP/1.1" 200 30939
::1 - - [30/Mar/2022:11:11:12 -0400] "GET /phpMyAdmin/navigation.php?ajax_request=1&lang=en&aPath=cm9vdA%3D%3D.dmlueWxidXp6&vPath=cm9vdA%3D%3D.dmlueWxidXp6&pos=0&pos2_name=&pos2_value=&searchClause=&searchClause2=&_nocache=164865307269220467&token=217864665453362a5348692c424e3128 HTTP/1.1" 200 5459
::1 - - [30/Mar/2022:11:11:12 -0400] "GET /phpMyAdmin/themes/pmahomme/img/b_minus.png HTTP/1.1" 200 123
::1 - - [30/Mar/2022:11:13:11 -0400] "GET /vinylbuzz HTTP/1.1" 301 235
::1 - - [30/Mar/2022:11:13:11 -0400] "GET /vinylbuzz/ HTTP/1.1" 302 20
::1 - - [30/Mar/2022:11:13:11 -0400] "GET /vinylbuzz/wp-admin/setup-config.php HTTP/1.1" 200 4127
::1 - - [30/Mar/2022:11:13:11 -0400] "GET /vinylbuzz/wp-includes/css/dashicons.min.css?ver=5.9.2 HTTP/1.1" 200 59016
::1 - - [30/Mar/2022:11:13:11 -0400] "GET /vinylbuzz/wp-includes/css/buttons.min.css?ver=5.9.2 HTTP/1.1" 200 5854
::1 - - [30/Mar/2022:11:13:11 -0400] "GET /vinylbuzz/wp-admin/css/forms.min.css?ver=5.9.2 HTTP/1.1" 200 25369
::1 - - [30/Mar/2022:11:13:11 -0400] "GET /vinylbuzz/wp-admin/css/l10n.min.css?ver=5.9.2 HTTP/1.1" 200 2477
::1 - - [30/Mar/2022:11:13:11 -0400] "GET /vinylbuzz/wp-admin/css/install.min.css?ver=5.9.2 HTTP/1.1" 200 4954
::1 - - [30/Mar/2022:11:13:11 -0400] "GET /vinylbuzz/wp-includes/js/jquery/jquery.min.js?ver=3.6.0 HTTP/1.1" 200 89521
::1 - - [30/Mar/2022:11:13:11 -0400] "GET /vinylbuzz/wp-includes/js/jquery/jquery-migrate.min.js?ver=3.3.2 HTTP/1.1" 200 11224
::1 - - [30/Mar/2022:11:13:11 -0400] "GET /vinylbuzz/wp-admin/js/language-chooser.min.js?ver=5.9.2 HTTP/1.1" 200 423
::1 - - [30/Mar/2022:11:13:11 -0400] "GET /vinylbuzz/wp-admin/images/wordpress-logo.svg?ver=20131107 HTTP/1.1" 200 1521
::1 - - [30/Mar/2022:11:13:11 -0400] "GET /vinylbuzz/wp-admin/images/spinner-2x.gif HTTP/1.1" 200 7536
::1 - - [30/Mar/2022:11:13:12 -0400] "GET /favicon.ico HTTP/1.1" 404 209
::1 - - [30/Mar/2022:11:13:15 -0400] "POST /vinylbuzz/wp-admin/setup-config.php?step=0 HTTP/1.1" 200 1061
::1 - - [30/Mar/2022:11:13:22 -0400] "GET /vinylbuzz/wp-admin/setup-config.php?step=1 HTTP/1.1" 200 1122
::1 - - [30/Mar/2022:11:14:02 -0400] "POST /vinylbuzz/wp-admin/setup-config.php?step=2 HTTP/1.1" 200 688
::1 - - [30/Mar/2022:11:14:05 -0400] "GET /vinylbuzz/wp-admin/install.php?language=en_US HTTP/1.1" 200 2447
::1 - - [30/Mar/2022:11:14:06 -0400] "GET /vinylbuzz/wp-includes/js/zxcvbn-async.min.js?ver=1.0 HTTP/1.1" 200 351
::1 - - [30/Mar/2022:11:14:06 -0400] "GET /vinylbuzz/wp-includes/js/dist/vendor/regenerator-runtime.min.js?ver=0.13.9 HTTP/1.1" 200 6494
::1 - - [30/Mar/2022:11:14:06 -0400] "GET /vinylbuzz/wp-includes/js/dist/hooks.min.js?ver=1e58c8c5a32b2e97491080c5b10dc71c HTTP/1.1" 200 5690
::1 - - [30/Mar/2022:11:14:06 -0400] "GET /vinylbuzz/wp-includes/js/dist/vendor/wp-polyfill.min.js?ver=3.15.0 HTTP/1.1" 200 19261
::1 - - [30/Mar/2022:11:14:06 -0400] "GET /vinylbuzz/wp-includes/js/dist/i18n.min.js?ver=30fcecb428a0e8383d3776bcdd3a7834 HTTP/1.1" 200 10407
::1 - - [30/Mar/2022:11:14:06 -0400] "GET /vinylbuzz/wp-includes/js/underscore.min.js?ver=1.13.1 HTTP/1.1" 200 19069
::1 - - [30/Mar/2022:11:14:06 -0400] "GET /vinylbuzz/wp-admin/js/password-strength-meter.min.js?ver=5.9.2 HTTP/1.1" 200 1123
::1 - - [30/Mar/2022:11:14:06 -0400] "GET /vinylbuzz/wp-includes/js/wp-util.min.js?ver=5.9.2 HTTP/1.1" 200 1340
::1 - - [30/Mar/2022:11:14:06 -0400] "GET /vinylbuzz/wp-admin/js/user-profile.min.js?ver=5.9.2 HTTP/1.1" 200 6102
::1 - - [30/Mar/2022:11:14:06 -0400] "GET /vinylbuzz/wp-includes/js/zxcvbn.min.js HTTP/1.1" 200 822237
::1 - - [30/Mar/2022:11:15:31 -0400] "GET /vinylbuzz/2022/03/30/hello-world/ HTTP/1.1" 200 10829
::1 - - [30/Mar/2022:11:15:29 -0400] "POST /vinylbuzz/wp-admin/install.php?step=2 HTTP/1.1" 200 1416
::1 - - [30/Mar/2022:11:15:32 -0400] "POST /vinylbuzz/wp-cron.php?doing_wp_cron=1648653332.1579809188842773437500 HTTP/1.1" 200 20
::1 - - [30/Mar/2022:11:15:48 -0400] "GET /vinylbuzz/wp-login.php HTTP/1.1" 200 1901
::1 - - [30/Mar/2022:11:15:48 -0400] "GET /vinylbuzz/wp-admin/css/login.min.css?ver=5.9.2 HTTP/1.1" 200 6315
::1 - - [30/Mar/2022:11:16:00 -0400] "POST /vinylbuzz/wp-login.php HTTP/1.1" 302 20
::1 - - [30/Mar/2022:11:16:00 -0400] "GET /vinylbuzz/wp-admin/ HTTP/1.1" 200 15772
::1 - - [30/Mar/2022:11:16:01 -0400] "GET /vinylbuzz/wp-includes/js/thickbox/thickbox.css?ver=5.9.2 HTTP/1.1" 200 2659
::1 - - [30/Mar/2022:11:16:01 -0400] "GET /vinylbuzz/wp-includes/css/editor.min.css?ver=5.9.2 HTTP/1.1" 200 27188
::1 - - [30/Mar/2022:11:16:01 -0400] "GET /vinylbuzz/wp-admin/js/common.min.js?ver=5.9.2 HTTP/1.1" 200 20038
::1 - - [30/Mar/2022:11:16:01 -0400] "GET /vinylbuzz/wp-includes/js/hoverintent-js.min.js?ver=2.2.1 HTTP/1.1" 200 1718
::1 - - [30/Mar/2022:11:16:01 -0400] "GET /vinylbuzz/wp-includes/js/admin-bar.min.js?ver=5.9.2 HTTP/1.1" 200 3556
::1 - - [30/Mar/2022:11:16:01 -0400] "GET /vinylbuzz/wp-includes/js/clipboard.min.js?ver=5.9.2 HTTP/1.1" 200 10607
::1 - - [30/Mar/2022:11:16:01 -0400] "GET /vinylbuzz/wp-includes/js/dist/a11y.min.js?ver=68e470cf840f69530e9db3be229ad4b6 HTTP/1.1" 200 3069
::1 - - [30/Mar/2022:11:16:01 -0400] "GET /vinylbuzz/wp-includes/js/dist/dom-ready.min.js?ver=ecda74de0221e1c2ce5c57cbb5af09d5 HTTP/1.1" 200 1257
::1 - - [30/Mar/2022:11:16:01 -0400] "GET /vinylbuzz/wp-includes/js/api-request.min.js?ver=5.9.2 HTTP/1.1" 200 1025
::1 - - [30/Mar/2022:11:16:01 -0400] "GET /vinylbuzz/wp-includes/js/dist/vendor/lodash.min.js?ver=4.17.19 HTTP/1.1" 200 73015
::1 - - [30/Mar/2022:11:16:01 -0400] "GET /vinylbuzz/wp-includes/js/dist/url.min.js?ver=5d9169e30a8883667fee1a7b5dd0fb51 HTTP/1.1" 200 5698
::1 - - [30/Mar/2022:11:16:01 -0400] "GET /vinylbuzz/wp-admin/js/site-health.min.js?ver=5.9.2 HTTP/1.1" 200 6142
::1 - - [30/Mar/2022:11:16:01 -0400] "GET /vinylbuzz/wp-admin/load-scripts.php?c=0&load%5Bchunk_0%5D=jquery-core,jquery-migrate,utils&ver=5.9.2 HTTP/1.1" 200 34927
::1 - - [30/Mar/2022:11:16:01 -0400] "GET /vinylbuzz/wp-includes/js/wp-ajax-response.min.js?ver=5.9.2 HTTP/1.1" 200 2312
::1 - - [30/Mar/2022:11:16:01 -0400] "GET /vinylbuzz/wp-admin/load-scripts.php?c=0&load%5Bchunk_0%5D=hoverIntent,regenerator-runtime,wp-polyfill,wp-hooks&ver=5.9.2 HTTP/1.1" 200 11340
::1 - - [30/Mar/2022:11:16:01 -0400] "GET /vinylbuzz/wp-includes/js/jquery/jquery.color.min.js?ver=2.1.2 HTTP/1.1" 200 9315
::1 - - [30/Mar/2022:11:16:01 -0400] "GET /vinylbuzz/wp-includes/js/wp-lists.min.js?ver=5.9.2 HTTP/1.1" 200 7442
::1 - - [30/Mar/2022:11:16:01 -0400] "GET /vinylbuzz/wp-includes/js/quicktags.min.js?ver=5.9.2 HTTP/1.1" 200 11132
::1 - - [30/Mar/2022:11:16:01 -0400] "GET /vinylbuzz/wp-admin/js/edit-comments.min.js?ver=5.9.2 HTTP/1.1" 200 15268
::1 - - [30/Mar/2022:11:16:01 -0400] "GET /vinylbuzz/wp-includes/js/jquery/jquery.query.js?ver=2.2.3 HTTP/1.1" 200 3694
::1 - - [30/Mar/2022:11:16:01 -0400] "GET /vinylbuzz/wp-includes/js/jquery/ui/core.min.js?ver=1.13.1 HTTP/1.1" 200 20714
::1 - - [30/Mar/2022:11:16:01 -0400] "GET /vinylbuzz/wp-includes/js/jquery/ui/mouse.min.js?ver=1.13.1 HTTP/1.1" 200 3406
::1 - - [30/Mar/2022:11:16:01 -0400] "GET /vinylbuzz/wp-includes/js/jquery/ui/sortable.min.js?ver=1.13.1 HTTP/1.1" 200 25464
::1 - - [30/Mar/2022:11:16:01 -0400] "GET /vinylbuzz/wp-admin/js/postbox.min.js?ver=5.9.2 HTTP/1.1" 200 6713
::1 - - [30/Mar/2022:11:16:01 -0400] "GET /vinylbuzz/wp-includes/js/dist/vendor/moment.min.js?ver=2.29.1 HTTP/1.1" 200 58325
::1 - - [30/Mar/2022:11:16:01 -0400] "GET /vinylbuzz/wp-admin/js/dashboard.min.js?ver=5.9.2 HTTP/1.1" 200 8797
::1 - - [30/Mar/2022:11:16:01 -0400] "GET /vinylbuzz/wp-includes/js/dist/date.min.js?ver=a9a5af167fc60fa1bfda62582a7beb3c HTTP/1.1" 200 202264
::1 - - [30/Mar/2022:11:16:01 -0400] "GET /vinylbuzz/wp-admin/load-styles.php?c=0&dir=ltr&load%5Bchunk_0%5D=dashicons,admin-bar,site-health,common,forms,admin-menu,dashboard,list-tables,edit,revisions,media,themes,about,nav-menus,wp-poi&load%5Bchunk_1%5D=nter,widgets,site-icon,l10n,buttons,wp-auth-check&ver=5.9.2 HTTP/1.1" 200 99764
::1 - - [30/Mar/2022:11:16:01 -0400] "GET /vinylbuzz/wp-includes/js/thickbox/thickbox.js?ver=3.1-20121105 HTTP/1.1" 200 13194
::1 - - [30/Mar/2022:11:16:01 -0400] "GET /vinylbuzz/wp-admin/js/plugin-install.min.js?ver=5.9.2 HTTP/1.1" 200 2403
::1 - - [30/Mar/2022:11:16:01 -0400] "GET /vinylbuzz/wp-includes/js/wp-sanitize.min.js?ver=5.9.2 HTTP/1.1" 200 458
::1 - - [30/Mar/2022:11:16:01 -0400] "GET /vinylbuzz/wp-admin/js/updates.min.js?ver=5.9.2 HTTP/1.1" 200 41173
::1 - - [30/Mar/2022:11:16:01 -0400] "GET /vinylbuzz/wp-includes/js/shortcode.min.js?ver=5.9.2 HTTP/1.1" 200 2650
::1 - - [30/Mar/2022:11:16:01 -0400] "GET /vinylbuzz/wp-admin/js/media-upload.min.js?ver=5.9.2 HTTP/1.1" 200 1152
::1 - - [30/Mar/2022:11:16:01 -0400] "GET /vinylbuzz/wp-admin/js/svg-painter.js?ver=5.9.2 HTTP/1.1" 200 5522
::1 - - [30/Mar/2022:11:16:01 -0400] "GET /vinylbuzz/wp-includes/js/heartbeat.min.js?ver=5.9.2 HTTP/1.1" 200 5877
::1 - - [30/Mar/2022:11:16:01 -0400] "GET /vinylbuzz/wp-includes/js/wp-auth-check.min.js?ver=5.9.2 HTTP/1.1" 200 1658
::1 - - [30/Mar/2022:11:16:01 -0400] "GET /vinylbuzz/wp-includes/js/wplink.min.js?ver=5.9.2 HTTP/1.1" 200 11270
::1 - - [30/Mar/2022:11:16:01 -0400] "GET /vinylbuzz/wp-includes/js/jquery/ui/menu.min.js?ver=1.13.1 HTTP/1.1" 200 10116
::1 - - [30/Mar/2022:11:16:01 -0400] "GET /vinylbuzz/wp-includes/js/jquery/ui/autocomplete.min.js?ver=1.13.1 HTTP/1.1" 200 8527
::1 - - [30/Mar/2022:11:16:01 -0400] "GET /vinylbuzz/wp-includes/js/wp-emoji-release.min.js?ver=5.9.2 HTTP/1.1" 200 18181
::1 - - [30/Mar/2022:11:16:01 -0400] "GET /vinylbuzz/wp-admin/images/about-header-about.svg HTTP/1.1" 200 5024
::1 - - [30/Mar/2022:11:16:01 -0400] "GET /vinylbuzz/wp-admin/images/about-texture.png HTTP/1.1" 200 146755
::1 - - [30/Mar/2022:11:16:02 -0400] "GET /vinylbuzz/wp-includes/js/thickbox/loadingAnimation.gif HTTP/1.1" 200 15238
::1 - - [30/Mar/2022:11:16:02 -0400] "POST /vinylbuzz/wp-admin/admin-ajax.php HTTP/1.1" 200 559
::1 - - [30/Mar/2022:11:16:02 -0400] "POST /vinylbuzz/wp-cron.php?doing_wp_cron=1648653362.2997980117797851562500 HTTP/1.1" 200 20
::1 - - [30/Mar/2022:11:16:01 -0400] "GET /vinylbuzz/wp-admin/admin-ajax.php?action=wp-compression-test&test=1&_ajax_nonce=a0a69e1090&1648653361949 HTTP/1.1" 200 21
::1 - - [30/Mar/2022:11:16:02 -0400] "GET /vinylbuzz/wp-admin/admin-ajax.php?action=wp-compression-test&test=no&_ajax_nonce=a0a69e1090&1648653362914 HTTP/1.1" 200 21
::1 - - [30/Mar/2022:11:16:02 -0400] "GET /vinylbuzz/wp-admin/admin-ajax.php?action=dashboard-widgets&widget=dashboard_primary&pagenow=dashboard HTTP/1.1" 200 453
::1 - - [30/Mar/2022:11:16:06 -0400] "POST /vinylbuzz/wp-admin/admin-ajax.php HTTP/1.1" 200 21
::1 - - [30/Mar/2022:11:16:22 -0400] "GET /vinylbuzz/wp-admin/index.php HTTP/1.1" 200 15668
::1 - - [30/Mar/2022:11:16:23 -0400] "POST /vinylbuzz/wp-admin/admin-ajax.php HTTP/1.1" 200 559
::1 - - [30/Mar/2022:11:16:35 -0400] "GET /vinylbuzz/ HTTP/1.1" 200 10726
::1 - - [30/Mar/2022:11:16:36 -0400] "GET /vinylbuzz/wp-includes/css/admin-bar.min.css?ver=5.9.2 HTTP/1.1" 200 20105
::1 - - [30/Mar/2022:11:16:36 -0400] "GET /vinylbuzz/wp-content/themes/twentytwentytwo/style.css?ver=1.1 HTTP/1.1" 200 5602
::1 - - [30/Mar/2022:11:16:36 -0400] "GET /vinylbuzz/wp-includes/blocks/navigation/view.min.js?ver=3776ea67846b3bb10fe8f7cdd486b0ba HTTP/1.1" 200 9265
::1 - - [30/Mar/2022:11:16:36 -0400] "GET /vinylbuzz/wp-includes/blocks/navigation/style.min.css?ver=5.9.2 HTTP/1.1" 200 13574
::1 - - [30/Mar/2022:11:16:36 -0400] "GET /vinylbuzz/wp-content/themes/twentytwentytwo/assets/fonts/SourceSerif4Variable-Roman.ttf.woff2 HTTP/1.1" 200 428448
::1 - - [30/Mar/2022:11:16:36 -0400] "GET /vinylbuzz/wp-content/themes/twentytwentytwo/assets/images/flight-path-on-transparent-d.png HTTP/1.1" 200 103639
::1 - - [30/Mar/2022:11:16:50 -0400] "GET /vinylbuzz/wp-admin/site-editor.php HTTP/1.1" 200 85923
::1 - - [30/Mar/2022:11:16:51 -0400] "GET /vinylbuzz/wp-includes/js/mediaelement/mediaelementplayer-legacy.min.css?ver=4.2.16 HTTP/1.1" 200 11256
::1 - - [30/Mar/2022:11:16:51 -0400] "GET /vinylbuzz/wp-includes/js/mediaelement/wp-mediaelement.min.css?ver=5.9.2 HTTP/1.1" 200 4186
::1 - - [30/Mar/2022:11:16:51 -0400] "GET /vinylbuzz/wp-includes/js/imgareaselect/imgareaselect.css?ver=0.9.8 HTTP/1.1" 200 790
::1 - - [30/Mar/2022:11:16:51 -0400] "GET /vinylbuzz/wp-includes/js/dist/api-fetch.min.js?ver=17766b2bf644140bbb233ce86db2174c HTTP/1.1" 200 6076
::1 - - [30/Mar/2022:11:16:51 -0400] "GET /vinylbuzz/wp-includes/js/dist/vendor/react.min.js?ver=17.0.1 HTTP/1.1" 200 11440
::1 - - [30/Mar/2022:11:16:51 -0400] "GET /vinylbuzz/wp-includes/js/dist/vendor/react-dom.min.js?ver=17.0.1 HTTP/1.1" 200 120585
::1 - - [30/Mar/2022:11:16:51 -0400] "GET /vinylbuzz/wp-includes/js/dist/blob.min.js?ver=4eca38a62df5f0145a5f1a78858581e7 HTTP/1.1" 200 1574
::1 - - [30/Mar/2022:11:16:51 -0400] "GET /vinylbuzz/wp-includes/js/dist/autop.min.js?ver=e5e1c1378bcb34e073986566ac756500 HTTP/1.1" 200 6307
::1 - - [30/Mar/2022:11:16:51 -0400] "GET /vinylbuzz/wp-includes/js/dist/block-serialization-default-parser.min.js?ver=2fc6dec19af6d4c5e5fec8f6fdc1a10b HTTP/1.1" 200 3015
::1 - - [30/Mar/2022:11:16:51 -0400] "GET /vinylbuzz/wp-includes/js/dist/deprecated.min.js?ver=8778985ac0dfb16f24f8ef86d0718f43 HTTP/1.1" 200 1647
::1 - - [30/Mar/2022:11:16:51 -0400] "GET /vinylbuzz/wp-admin/load-scripts.php?c=0&load%5Bchunk_0%5D=jquery-core,jquery-migrate,utils,moxiejs,plupload&ver=5.9.2 HTTP/1.1" 200 66750
::1 - - [30/Mar/2022:11:16:51 -0400] "GET /vinylbuzz/wp-includes/js/dist/dom.min.js?ver=ba466ff86449b948bf89b1d25c2ad20e HTTP/1.1" 200 13546
::1 - - [30/Mar/2022:11:16:51 -0400] "GET /vinylbuzz/wp-includes/js/dist/escape-html.min.js?ver=ce66e0f9acf6802317399656243ffbc4 HTTP/1.1" 200 1783
::1 - - [30/Mar/2022:11:16:51 -0400] "GET /vinylbuzz/wp-includes/js/dist/element.min.js?ver=fb9def72b4f6427aa79ce1c534a205cc HTTP/1.1" 200 9651
::1 - - [30/Mar/2022:11:16:51 -0400] "GET /vinylbuzz/wp-includes/js/dist/is-shallow-equal.min.js?ver=77450ab7b4e5185ab453093061332216 HTTP/1.1" 200 1696
::1 - - [30/Mar/2022:11:16:51 -0400] "GET /vinylbuzz/wp-includes/js/dist/keycodes.min.js?ver=9fd5d44710365c520fb15d397154271b HTTP/1.1" 200 4143
::1 - - [30/Mar/2022:11:16:51 -0400] "GET /vinylbuzz/wp-includes/js/dist/priority-queue.min.js?ver=8800e995455b762f0853c3b3abee6781 HTTP/1.1" 200 1636
::1 - - [30/Mar/2022:11:16:51 -0400] "GET /vinylbuzz/wp-includes/js/dist/compose.min.js?ver=058697a4c5024045c81954f411ff6dba HTTP/1.1" 200 36812
::1 - - [30/Mar/2022:11:16:51 -0400] "GET /vinylbuzz/wp-includes/js/dist/redux-routine.min.js?ver=6c3ab278bc9641b6f62731e018a4449e HTTP/1.1" 200 9796
::1 - - [30/Mar/2022:11:16:51 -0400] "GET /vinylbuzz/wp-includes/js/dist/data.min.js?ver=c5f9378263e5eea9d870764c8fc1dd1b HTTP/1.1" 200 24453
::1 - - [30/Mar/2022:11:16:51 -0400] "GET /vinylbuzz/wp-includes/js/dist/html-entities.min.js?ver=544a76db37139ce991197ce1c0e8a601 HTTP/1.1" 200 1416
::1 - - [30/Mar/2022:11:16:51 -0400] "GET /vinylbuzz/wp-includes/js/dist/shortcode.min.js?ver=7e026aec9ee5f844fe239b66b54b8865 HTTP/1.1" 200 4055
::1 - - [30/Mar/2022:11:16:51 -0400] "GET /vinylbuzz/wp-includes/js/dist/blocks.min.js?ver=28d5b8f8805a22435cbdc51927067812 HTTP/1.1" 200 158553
::1 - - [30/Mar/2022:11:16:51 -0400] "GET /vinylbuzz/wp-includes/js/dist/primitives.min.js?ver=31ccba505ebf4a66b299970fad62423c HTTP/1.1" 200 2901
::1 - - [30/Mar/2022:11:16:51 -0400] "GET /vinylbuzz/wp-includes/js/dist/rich-text.min.js?ver=a3e3616311fad456179e52a7528ec7fd HTTP/1.1" 200 36738
::1 - - [30/Mar/2022:11:16:51 -0400] "GET /vinylbuzz/wp-includes/js/dist/warning.min.js?ver=1f17121f9d6d7d4961e1345d847b2122 HTTP/1.1" 200 2932
::1 - - [30/Mar/2022:11:16:51 -0400] "GET /vinylbuzz/wp-includes/js/dist/components.min.js?ver=796933f78811baa51a86b257df543749 HTTP/1.1" 200 788225
::1 - - [30/Mar/2022:11:16:51 -0400] "GET /vinylbuzz/wp-includes/js/dist/keyboard-shortcuts.min.js?ver=77c30626bb8cf4f5306643107664a1ae HTTP/1.1" 200 5606
::1 - - [30/Mar/2022:11:16:51 -0400] "GET /vinylbuzz/wp-includes/js/dist/notices.min.js?ver=5a82ca49493728103b070722b35c3c21 HTTP/1.1" 200 3118
::1 - - [30/Mar/2022:11:16:51 -0400] "GET /vinylbuzz/wp-includes/js/dist/token-list.min.js?ver=ea7b368befe497077dbfdf1bb6bf609d HTTP/1.1" 200 2336
::1 - - [30/Mar/2022:11:16:51 -0400] "GET /vinylbuzz/wp-includes/js/dist/wordcount.min.js?ver=6a22341ec4203372b399ccf210f7cc7a HTTP/1.1" 200 3255
::1 - - [30/Mar/2022:11:16:51 -0400] "GET /vinylbuzz/wp-admin/load-styles.php?c=0&dir=ltr&load%5Bchunk_0%5D=dashicons,admin-bar,wp-components,wp-block-editor,wp-nux,wp-reusable-blocks,wp-editor,common,forms,wp-reset-editor-styles,wp-blo&load%5Bchunk_1%5D=ck-library,wp-edit-blocks,wp-edit-site,wp-format-library,buttons,media-views,wp-block-library-theme,wp-block-directory,admin-men&load%5Bchunk_2%5D=u,dashboard,list-tables,edit,revisions,media,themes,about,nav-menus,wp-pointer,widgets,site-icon,l10n,wp-auth-check&ver=5.9.2 HTTP/1.1" 200 168313
::1 - - [30/Mar/2022:11:16:51 -0400] "GET /vinylbuzz/wp-includes/js/dist/core-data.min.js?ver=a2bea1a5333f4e9d2ea07429a9924da0 HTTP/1.1" 200 48694
::1 - - [30/Mar/2022:11:16:51 -0400] "GET /vinylbuzz/wp-includes/js/dist/block-editor.min.js?ver=54657317be78fb1c246c72b38dc2ed0e HTTP/1.1" 200 538018
::1 - - [30/Mar/2022:11:16:51 -0400] "GET /vinylbuzz/wp-includes/js/dist/reusable-blocks.min.js?ver=0c555ff9c438801c104eea79e73f5769 HTTP/1.1" 200 6954
::1 - - [30/Mar/2022:11:16:51 -0400] "GET /vinylbuzz/wp-includes/js/dist/server-side-render.min.js?ver=eb4890f695e6a7a0560506060a152632 HTTP/1.1" 200 4790
::1 - - [30/Mar/2022:11:16:51 -0400] "GET /vinylbuzz/wp-includes/js/dist/viewport.min.js?ver=ad7c7de26ddc2341a6a3cf458c2c19dc HTTP/1.1" 200 3129
::1 - - [30/Mar/2022:11:16:51 -0400] "GET /vinylbuzz/wp-admin/js/editor.min.js?ver=5.9.2 HTTP/1.1" 200 13211
::1 - - [30/Mar/2022:11:16:51 -0400] "GET /vinylbuzz/wp-includes/js/dist/data-controls.min.js?ver=8f1ca4c9b8ce97569364f3595781e718 HTTP/1.1" 200 2280
::1 - - [30/Mar/2022:11:16:51 -0400] "GET /vinylbuzz/wp-includes/js/dist/block-library.min.js?ver=fb8cfd789616fa32f70090a33b3e6be5 HTTP/1.1" 200 601266
::1 - - [30/Mar/2022:11:16:51 -0400] "GET /vinylbuzz/wp-includes/js/dist/media-utils.min.js?ver=18fe8dfbb471a4ef452f5032317b2627 HTTP/1.1" 200 8173
::1 - - [30/Mar/2022:11:16:51 -0400] "GET /vinylbuzz/wp-includes/js/dist/editor.min.js?ver=8d4a298f55ea5a97c9e5147f9e132d82 HTTP/1.1" 200 141691
::1 - - [30/Mar/2022:11:16:51 -0400] "GET /vinylbuzz/wp-includes/js/dist/plugins.min.js?ver=a192d765378319e49e7d3ba821e8afa3 HTTP/1.1" 200 5430
::1 - - [30/Mar/2022:11:16:51 -0400] "GET /vinylbuzz/wp-includes/js/dist/edit-site.min.js?ver=3884aac289e14bae7b23654cf1c8c474 HTTP/1.1" 200 147509
::1 - - [30/Mar/2022:11:16:51 -0400] "GET /vinylbuzz/wp-includes/js/dist/format-library.min.js?ver=5179b7561f0153d3127cffc2fc6d4a26 HTTP/1.1" 200 21928
::1 - - [30/Mar/2022:11:16:51 -0400] "GET /vinylbuzz/wp-includes/js/backbone.min.js?ver=1.4.0 HTTP/1.1" 200 23794
::1 - - [30/Mar/2022:11:16:51 -0400] "GET /vinylbuzz/wp-includes/js/wp-backbone.min.js?ver=5.9.2 HTTP/1.1" 200 3037
::1 - - [30/Mar/2022:11:16:51 -0400] "GET /vinylbuzz/wp-includes/js/media-models.min.js?ver=5.9.2 HTTP/1.1" 200 14293
::1 - - [30/Mar/2022:11:16:51 -0400] "GET /vinylbuzz/wp-includes/js/plupload/wp-plupload.min.js?ver=5.9.2 HTTP/1.1" 200 5979
::1 - - [30/Mar/2022:11:16:51 -0400] "GET /vinylbuzz/wp-includes/js/mediaelement/mediaelement-and-player.min.js?ver=4.2.16 HTTP/1.1" 200 157610
::1 - - [30/Mar/2022:11:16:51 -0400] "GET /vinylbuzz/wp-includes/js/mediaelement/mediaelement-migrate.min.js?ver=5.9.2 HTTP/1.1" 200 1193
::1 - - [30/Mar/2022:11:16:51 -0400] "GET /vinylbuzz/wp-includes/js/mediaelement/wp-mediaelement.min.js?ver=5.9.2 HTTP/1.1" 200 906
::1 - - [30/Mar/2022:11:16:51 -0400] "GET /vinylbuzz/wp-includes/js/media-views.min.js?ver=5.9.2 HTTP/1.1" 200 111410
::1 - - [30/Mar/2022:11:16:51 -0400] "GET /vinylbuzz/wp-includes/js/media-editor.min.js?ver=5.9.2 HTTP/1.1" 200 10909
::1 - - [30/Mar/2022:11:16:51 -0400] "GET /vinylbuzz/wp-includes/js/media-audiovideo.min.js?ver=5.9.2 HTTP/1.1" 200 12964
::1 - - [30/Mar/2022:11:16:51 -0400] "GET /vinylbuzz/wp-includes/js/mce-view.min.js?ver=5.9.2 HTTP/1.1" 200 9883
::1 - - [30/Mar/2022:11:16:51 -0400] "GET /vinylbuzz/wp-includes/js/imgareaselect/jquery.imgareaselect.min.js?ver=5.9.2 HTTP/1.1" 200 9723
::1 - - [30/Mar/2022:11:16:51 -0400] "GET /vinylbuzz/wp-admin/js/image-edit.min.js?ver=5.9.2 HTTP/1.1" 200 11263
::1 - - [30/Mar/2022:11:16:51 -0400] "GET /vinylbuzz/wp-includes/js/dist/edit-post.min.js?ver=e39d7d6fd4bb0895e642d448e76793d7 HTTP/1.1" 200 121225
::1 - - [30/Mar/2022:11:16:51 -0400] "GET /vinylbuzz/wp-includes/js/dist/block-directory.min.js?ver=3deb079b0e2403bde3764a3ee22c2d59 HTTP/1.1" 200 22107
::1 - - [30/Mar/2022:11:16:51 -0400] "GET /vinylbuzz?_wp-find-template=true HTTP/1.1" 301 258
::1 - - [30/Mar/2022:11:16:51 -0400] "GET /vinylbuzz/?_wp-find-template=true HTTP/1.1" 200 967
::1 - - [30/Mar/2022:11:16:52 -0400] "GET /vinylbuzz/wp-json/wp/v2/blocks?context=edit&per_page=100&_locale=user HTTP/1.1" 200 22
::1 - - [30/Mar/2022:11:16:52 -0400] "GET /vinylbuzz/wp-json/wp/v2/settings?_locale=user HTTP/1.1" 200 274
::1 - - [30/Mar/2022:11:16:52 -0400] "GET /vinylbuzz/wp-json/wp/v2/templates/twentytwentytwo//home?context=edit&_locale=user HTTP/1.1" 200 1113
::1 - - [30/Mar/2022:11:16:53 -0400] "GET /vinylbuzz/wp-json/wp/v2/global-styles/5?_locale=user HTTP/1.1" 200 219
::1 - - [30/Mar/2022:11:16:53 -0400] "GET /vinylbuzz/wp-includes/css/dist/components/style.min.css?ver=5.9.2 HTTP/1.1" 200 122417
::1 - - [30/Mar/2022:11:16:53 -0400] "GET /vinylbuzz/wp-includes/css/dist/block-editor/style.min.css?ver=5.9.2 HTTP/1.1" 200 111974
::1 - - [30/Mar/2022:11:16:53 -0400] "GET /vinylbuzz/wp-includes/css/dist/block-library/style.min.css?ver=5.9.2 HTTP/1.1" 200 83369
::1 - - [30/Mar/2022:11:16:53 -0400] "GET /vinylbuzz/wp-includes/css/dist/nux/style.min.css?ver=5.9.2 HTTP/1.1" 200 2768
::1 - - [30/Mar/2022:11:16:53 -0400] "GET /vinylbuzz/wp-includes/css/dist/block-library/theme.min.css?ver=5.9.2 HTTP/1.1" 200 2428
::1 - - [30/Mar/2022:11:16:53 -0400] "GET /vinylbuzz/wp-includes/css/dist/reusable-blocks/style.min.css?ver=5.9.2 HTTP/1.1" 200 522
::1 - - [30/Mar/2022:11:16:53 -0400] "GET /vinylbuzz/wp-includes/css/dist/editor/style.min.css?ver=5.9.2 HTTP/1.1" 200 20858
::1 - - [30/Mar/2022:11:16:53 -0400] "GET /vinylbuzz/wp-includes/css/dist/block-library/editor.min.css?ver=5.9.2 HTTP/1.1" 200 60388
::1 - - [30/Mar/2022:11:16:53 -0400] "OPTIONS /vinylbuzz/wp-json/wp/v2/blocks?_locale=user HTTP/1.1" 200 1562
::1 - - [30/Mar/2022:11:16:53 -0400] "GET /vinylbuzz/wp-json/wp/v2/types?context=edit&per_page=100&_locale=user HTTP/1.1" 200 2028
::1 - - [30/Mar/2022:11:16:53 -0400] "GET /vinylbuzz/wp-json/wp/v2/categories?context=edit&per_page=100&_locale=user HTTP/1.1" 200 277
::1 - - [30/Mar/2022:11:16:53 -0400] "GET /vinylbuzz/wp-json/wp/v2/template-parts/twentytwentytwo//header-small-dark?context=edit&_locale=user HTTP/1.1" 200 712
::1 - - [30/Mar/2022:11:16:53 -0400] "GET /vinylbuzz/wp-json/wp/v2/template-parts?context=edit&_locale=user HTTP/1.1" 200 1171
::1 - - [30/Mar/2022:11:16:53 -0400] "GET /vinylbuzz/wp-json/wp/v2/tags?context=edit&per_page=100&_locale=user HTTP/1.1" 200 22
::1 - - [30/Mar/2022:11:16:54 -0400] "GET /vinylbuzz/wp-json/wp/v2/users?context=edit&per_page=100&_locale=user HTTP/1.1" 200 678
::1 - - [30/Mar/2022:11:16:54 -0400] "GET /vinylbuzz/wp-json/wp/v2/posts?context=edit&offset=0&order=desc&orderby=date&per_page=10&_locale=user HTTP/1.1" 200 765
::1 - - [30/Mar/2022:11:16:54 -0400] "GET /vinylbuzz/wp-json/wp/v2/template-parts/twentytwentytwo//footer?context=edit&_locale=user HTTP/1.1" 200 513
::1 - - [30/Mar/2022:11:16:54 -0400] "GET /vinylbuzz/wp-json/wp/v2/template-parts/twentytwentytwo//header?context=edit&_locale=user HTTP/1.1" 200 741
::1 - - [30/Mar/2022:11:16:54 -0400] "GET /vinylbuzz/wp-json/wp/v2/template-parts?context=edit&area=header&_locale=user HTTP/1.1" 200 1110
::1 - - [30/Mar/2022:11:16:54 -0400] "GET /vinylbuzz/wp-json/wp/v2/settings?_locale=user HTTP/1.1" 200 274
::1 - - [30/Mar/2022:11:16:54 -0400] "GET /vinylbuzz/wp-json/wp/v2/template-parts?context=edit&area=footer&_locale=user HTTP/1.1" 200 515
::1 - - [30/Mar/2022:11:16:54 -0400] "OPTIONS /vinylbuzz/wp-json/wp/v2/settings?_locale=user HTTP/1.1" 200 924
::1 - - [30/Mar/2022:11:16:54 -0400] "GET /vinylbuzz/wp-json/?_locale=user HTTP/1.1" 200 9803
::1 - - [30/Mar/2022:11:16:54 -0400] "GET /vinylbuzz/wp-json/wp/v2/pages?context=edit&parent=0&order=asc&orderby=id&per_page=100&_locale=user HTTP/1.1" 200 1258
::1 - - [30/Mar/2022:11:16:54 -0400] "GET /vinylbuzz/wp-json/wp/v2/menus?context=edit&per_page=100&_locale=user HTTP/1.1" 200 22
::1 - - [30/Mar/2022:11:16:55 -0400] "GET /vinylbuzz/wp-json/wp/v2/navigation?context=edit&per_page=100&status=publish&_locale=user HTTP/1.1" 200 22
::1 - - [30/Mar/2022:11:16:55 -0400] "OPTIONS /vinylbuzz/wp-json/wp/v2/navigation?_locale=user HTTP/1.1" 200 1585
::1 - - [30/Mar/2022:11:16:55 -0400] "GET /vinylbuzz/wp-json/wp/v2/navigation?context=edit&status=draft&per_page=100&_locale=user HTTP/1.1" 200 22
::1 - - [30/Mar/2022:11:16:55 -0400] "GET /vinylbuzz/wp-json/wp/v2/pages?context=edit&orderby=menu_order&order=asc&_fields=id%2Clink%2Cparent%2Ctitle%2Cmenu_order&per_page=100&_locale=user HTTP/1.1" 200 134
::1 - - [30/Mar/2022:11:16:55 -0400] "GET /vinylbuzz/wp-json/wp/v2/posts/1?_locale=user HTTP/1.1" 200 608
::1 - - [30/Mar/2022:11:17:39 -0400] "GET /vinylbuzz/wp-includes/images/spinner-2x.gif HTTP/1.1" 200 7536
::1 - - [30/Mar/2022:11:17:39 -0400] "GET /vinylbuzz/wp-includes/images/uploader-icons-2x.png HTTP/1.1" 200 3542
::1 - - [30/Mar/2022:11:17:40 -0400] "POST /vinylbuzz/wp-cron.php?doing_wp_cron=1648653460.0920019149780273437500 HTTP/1.1" 200 20
::1 - - [30/Mar/2022:11:17:39 -0400] "POST /vinylbuzz/wp-admin/async-upload.php HTTP/1.1" 200 536
::1 - - [30/Mar/2022:11:17:40 -0400] "GET /vinylbuzz/wp-content/uploads/2022/03/IMG_7532-3.jpg HTTP/1.1" 200 383846
::1 - - [30/Mar/2022:11:17:43 -0400] "POST /vinylbuzz/wp-admin/admin-ajax.php HTTP/1.1" 200 539
::1 - - [30/Mar/2022:11:17:52 -0400] "POST /vinylbuzz/wp-admin/admin-ajax.php HTTP/1.1" 200 67
::1 - - [30/Mar/2022:11:18:06 -0400] "POST /vinylbuzz/wp-admin/admin-ajax.php HTTP/1.1" 200 36
::1 - - [30/Mar/2022:11:18:37 -0400] "GET /vinylbuzz/wp-content/uploads/2022/03/IMG_7532-3.jpg HTTP/1.1" 304 -
::1 - - [30/Mar/2022:11:18:37 -0400] "GET /vinylbuzz/wp-json/wp/v2/media/6?context=edit&_locale=user HTTP/1.1" 200 852
::1 - - [30/Mar/2022:11:18:37 -0400] "POST /vinylbuzz/wp-admin/admin-ajax.php HTTP/1.1" 200 36
::1 - - [30/Mar/2022:11:18:52 -0400] "POST /vinylbuzz/wp-admin/admin-ajax.php HTTP/1.1" 200 67
::1 - - [30/Mar/2022:11:19:52 -0400] "POST /vinylbuzz/wp-admin/admin-ajax.php HTTP/1.1" 200 67
::1 - - [30/Mar/2022:11:20:42 -0400] "POST /vinylbuzz/wp-json/wp/v2/templates/twentytwentytwo//home?_locale=user HTTP/1.1" 200 1113
::1 - - [30/Mar/2022:11:20:42 -0400] "POST /vinylbuzz/wp-json/wp/v2/template-parts/twentytwentytwo//header-small-dark?_locale=user HTTP/1.1" 200 814
::1 - - [30/Mar/2022:11:20:43 -0400] "GET /vinylbuzz/wp-json/wp/v2/template-parts?context=edit&area=footer&_locale=user HTTP/1.1" 200 515
::1 - - [30/Mar/2022:11:20:43 -0400] "GET /vinylbuzz/wp-json/wp/v2/template-parts?context=edit&area=header&_locale=user HTTP/1.1" 200 1288
::1 - - [30/Mar/2022:11:20:52 -0400] "POST /vinylbuzz/wp-admin/admin-ajax.php HTTP/1.1" 200 67
::1 - - [30/Mar/2022:11:21:52 -0400] "POST /vinylbuzz/wp-admin/admin-ajax.php HTTP/1.1" 200 67
::1 - - [30/Mar/2022:11:21:53 -0400] "GET /vinylbuzz/wp-content/themes/twentytwentytwo/assets/fonts/SourceSerif4Variable-Italic.ttf.woff2 HTTP/1.1" 200 346840
::1 - - [30/Mar/2022:11:21:53 -0400] "GET /vinylbuzz/wp-content/themes/twentytwentytwo/assets/videos/birds.mp4 HTTP/1.1" 206 468755
::1 - - [30/Mar/2022:11:22:11 -0400] "POST /vinylbuzz/wp-json/wp/v2/media?_locale=user HTTP/1.1" 500 132
::1 - - [30/Mar/2022:11:22:52 -0400] "POST /vinylbuzz/wp-admin/admin-ajax.php HTTP/1.1" 200 67
::1 - - [30/Mar/2022:11:23:24 -0400] "POST /vinylbuzz/wp-admin/admin-ajax.php HTTP/1.1" 200 46
::1 - - [30/Mar/2022:11:23:52 -0400] "POST /vinylbuzz/wp-admin/admin-ajax.php HTTP/1.1" 200 67
::1 - - [30/Mar/2022:11:24:53 -0400] "POST /vinylbuzz/wp-admin/admin-ajax.php HTTP/1.1" 200 67
::1 - - [30/Mar/2022:11:26:53 -0400] "POST /vinylbuzz/wp-admin/admin-ajax.php HTTP/1.1" 200 67
::1 - - [30/Mar/2022:11:27:07 -0400] "POST /vinylbuzz/wp-json/wp/v2/media?_locale=user HTTP/1.1" 201 947
::1 - - [30/Mar/2022:11:27:10 -0400] "GET /vinylbuzz/wp-content/uploads/2022/03/Vinyl-Buzz.mp4 HTTP/1.1" 206 69964591
::1 - - [30/Mar/2022:11:27:42 -0400] "GET /vinylbuzz/wp-content/uploads/2022/03/Vinyl-Buzz.mp4 HTTP/1.1" 206 163840
::1 - - [30/Mar/2022:11:27:42 -0400] "GET /vinylbuzz/wp-content/uploads/2022/03/Vinyl-Buzz.mp4 HTTP/1.1" 206 69079855
::1 - - [30/Mar/2022:11:27:53 -0400] "POST /vinylbuzz/wp-admin/admin-ajax.php HTTP/1.1" 200 67
::1 - - [30/Mar/2022:11:28:25 -0400] "POST /vinylbuzz/wp-json/wp/v2/templates/twentytwentytwo//home?_locale=user HTTP/1.1" 200 1128
::1 - - [30/Mar/2022:11:28:46 -0400] "GET /vinylbuzz/ HTTP/1.1" 200 9505
::1 - - [30/Mar/2022:11:28:47 -0400] "GET /vinylbuzz/wp-content/uploads/2022/03/Vinyl-Buzz.mp4 HTTP/1.1" 206 69964591
::1 - - [30/Mar/2022:11:28:54 -0400] "POST /vinylbuzz/wp-admin/admin-ajax.php HTTP/1.1" 200 67
::1 - - [30/Mar/2022:11:28:56 -0400] "GET /favicon.ico HTTP/1.1" 404 209
::1 - - [30/Mar/2022:11:28:57 -0400] "GET /vinylbuzz/wp-content/uploads/2022/03/Vinyl-Buzz.mp4 HTTP/1.1" 304 -
::1 - - [30/Mar/2022:11:28:57 -0400] "GET /vinylbuzz/wp-content/uploads/2022/03/Vinyl-Buzz.mp4 HTTP/1.1" 206 65770287
::1 - - [30/Mar/2022:11:29:49 -0400] "GET /vinylbuzz/wp-admin/site-editor.php HTTP/1.1" 200 86202
::1 - - [30/Mar/2022:11:29:51 -0400] "GET /vinylbuzz/?_wp-find-template=true HTTP/1.1" 200 1003
::1 - - [30/Mar/2022:11:29:51 -0400] "GET /vinylbuzz/wp-json/wp/v2/blocks?context=edit&per_page=100&_locale=user HTTP/1.1" 200 22
::1 - - [30/Mar/2022:11:29:51 -0400] "GET /vinylbuzz/wp-json/wp/v2/settings?_locale=user HTTP/1.1" 200 274
::1 - - [30/Mar/2022:11:29:51 -0400] "GET /vinylbuzz/wp-json/wp/v2/templates/twentytwentytwo//home?context=edit&_locale=user HTTP/1.1" 200 1128
::1 - - [30/Mar/2022:11:29:52 -0400] "GET /vinylbuzz/wp-json/wp/v2/global-styles/5?_locale=user HTTP/1.1" 200 219
::1 - - [30/Mar/2022:11:29:52 -0400] "GET /vinylbuzz/wp-content/uploads/2022/03/Vinyl-Buzz.mp4 HTTP/1.1" 304 -
::1 - - [30/Mar/2022:11:29:52 -0400] "OPTIONS /vinylbuzz/wp-json/wp/v2/blocks?_locale=user HTTP/1.1" 200 1562
::1 - - [30/Mar/2022:11:29:52 -0400] "GET /vinylbuzz/wp-json/wp/v2/types?context=edit&per_page=100&_locale=user HTTP/1.1" 200 2028
::1 - - [30/Mar/2022:11:29:52 -0400] "GET /vinylbuzz/wp-json/wp/v2/categories?context=edit&per_page=100&_locale=user HTTP/1.1" 200 277
::1 - - [30/Mar/2022:11:29:52 -0400] "GET /vinylbuzz/wp-json/wp/v2/tags?context=edit&per_page=100&_locale=user HTTP/1.1" 200 22
::1 - - [30/Mar/2022:11:29:52 -0400] "GET /vinylbuzz/wp-json/wp/v2/users?context=edit&per_page=100&_locale=user HTTP/1.1" 200 678
::1 - - [30/Mar/2022:11:29:52 -0400] "GET /vinylbuzz/wp-json/wp/v2/posts?context=edit&offset=0&order=desc&orderby=date&per_page=10&_locale=user HTTP/1.1" 200 765
::1 - - [30/Mar/2022:11:29:53 -0400] "GET /vinylbuzz/wp-json/wp/v2/template-parts/twentytwentytwo//footer?context=edit&_locale=user HTTP/1.1" 200 513
::1 - - [30/Mar/2022:11:29:53 -0400] "GET /vinylbuzz/wp-json/wp/v2/template-parts?context=edit&_locale=user HTTP/1.1" 200 1372
::1 - - [30/Mar/2022:11:29:53 -0400] "GET /vinylbuzz/wp-json/wp/v2/settings?_locale=user HTTP/1.1" 200 274
::1 - - [30/Mar/2022:11:29:53 -0400] "GET /vinylbuzz/wp-json/wp/v2/posts/1?_locale=user HTTP/1.1" 200 608
::1 - - [30/Mar/2022:11:29:53 -0400] "GET /vinylbuzz/wp-json/wp/v2/template-parts?context=edit&area=footer&_locale=user HTTP/1.1" 200 515
::1 - - [30/Mar/2022:11:29:53 -0400] "GET /vinylbuzz/wp-json/?_locale=user HTTP/1.1" 200 9803
::1 - - [30/Mar/2022:11:29:53 -0400] "OPTIONS /vinylbuzz/wp-json/wp/v2/settings?_locale=user HTTP/1.1" 200 924
::1 - - [30/Mar/2022:11:30:51 -0400] "POST /vinylbuzz/wp-admin/admin-ajax.php HTTP/1.1" 200 67
::1 - - [30/Mar/2022:11:30:55 -0400] "POST /vinylbuzz/wp-admin/admin-ajax.php HTTP/1.1" 200 67
::1 - - [30/Mar/2022:11:31:01 -0400] "POST /vinylbuzz/wp-json/wp/v2/media?_locale=user HTTP/1.1" 201 799
::1 - - [30/Mar/2022:11:31:01 -0400] "GET /vinylbuzz/wp-content/uploads/2022/03/Vinyl-Buzz-logos_transparent.png HTTP/1.1" 200 89968
::1 - - [30/Mar/2022:11:31:01 -0400] "GET /vinylbuzz/wp-json/wp/v2/media/11?context=edit&_locale=user HTTP/1.1" 200 799
::1 - - [30/Mar/2022:11:31:51 -0400] "POST /vinylbuzz/wp-admin/admin-ajax.php HTTP/1.1" 200 67
::1 - - [30/Mar/2022:11:32:37 -0400] "GET /vinylbuzz/wp-content/uploads/2022/03/Vinyl-Buzz-logos_transparent.png HTTP/1.1" 304 -
::1 - - [30/Mar/2022:11:32:37 -0400] "GET /vinylbuzz/wp-json/wp/v2/media?context=edit&include=11&per_page=100&_locale=user HTTP/1.1" 200 801
::1 - - [30/Mar/2022:11:32:48 -0400] "GET /vinylbuzz/wp-content/uploads/2022/03/Vinyl-Buzz-logos_transparent.png HTTP/1.1" 304 -
::1 - - [30/Mar/2022:11:32:51 -0400] "POST /vinylbuzz/wp-admin/admin-ajax.php HTTP/1.1" 200 67
::1 - - [30/Mar/2022:11:32:56 -0400] "POST /vinylbuzz/wp-admin/admin-ajax.php HTTP/1.1" 200 67
::1 - - [30/Mar/2022:11:33:48 -0400] "GET /vinylbuzz/wp-content/uploads/2022/03/Vinyl-Buzz-logos_transparent.png HTTP/1.1" 304 -
::1 - - [30/Mar/2022:11:33:51 -0400] "POST /vinylbuzz/wp-admin/admin-ajax.php HTTP/1.1" 200 67
::1 - - [30/Mar/2022:11:34:51 -0400] "POST /vinylbuzz/wp-admin/admin-ajax.php HTTP/1.1" 200 67
::1 - - [30/Mar/2022:11:34:57 -0400] "POST /vinylbuzz/wp-admin/admin-ajax.php HTTP/1.1" 200 67
::1 - - [30/Mar/2022:11:35:29 -0400] "POST /vinylbuzz/wp-json/wp/v2/media/11/edit?_locale=user HTTP/1.1" 500 107
::1 - - [30/Mar/2022:11:35:51 -0400] "POST /vinylbuzz/wp-admin/admin-ajax.php HTTP/1.1" 200 67
::1 - - [30/Mar/2022:11:36:51 -0400] "POST /vinylbuzz/wp-admin/admin-ajax.php HTTP/1.1" 200 67
::1 - - [30/Mar/2022:11:36:58 -0400] "POST /vinylbuzz/wp-admin/admin-ajax.php HTTP/1.1" 200 67
::1 - - [30/Mar/2022:11:37:51 -0400] "POST /vinylbuzz/wp-admin/admin-ajax.php HTTP/1.1" 200 67
::1 - - [30/Mar/2022:11:37:53 -0400] "POST /vinylbuzz/wp-json/wp/v2/templates/twentytwentytwo//home?_locale=user HTTP/1.1" 200 1198
::1 - - [30/Mar/2022:11:38:13 -0400] "GET /vinylbuzz/wp-admin/index.php HTTP/1.1" 200 15669
::1 - - [30/Mar/2022:11:38:14 -0400] "POST /vinylbuzz/wp-admin/admin-ajax.php HTTP/1.1" 200 559
::1 - - [30/Mar/2022:11:38:17 -0400] "GET /vinylbuzz/wp-admin/edit.php?post_type=page HTTP/1.1" 200 10482
::1 - - [30/Mar/2022:11:38:17 -0400] "GET /vinylbuzz/wp-admin/js/tags-suggest.min.js?ver=5.9.2 HTTP/1.1" 200 2250
::1 - - [30/Mar/2022:11:38:17 -0400] "GET /vinylbuzz/wp-admin/js/inline-edit-post.min.js?ver=5.9.2 HTTP/1.1" 200 7411
::1 - - [30/Mar/2022:11:38:17 -0400] "GET /vinylbuzz/wp-admin/load-styles.php?c=0&dir=ltr&load%5Bchunk_0%5D=dashicons,admin-bar,common,forms,admin-menu,dashboard,list-tables,edit,revisions,media,themes,about,nav-menus,wp-pointer,widgets&load%5Bchunk_1%5D=,site-icon,l10n,buttons,wp-auth-check&ver=5.9.2 HTTP/1.1" 200 98622
::1 - - [30/Mar/2022:11:38:17 -0400] "POST /vinylbuzz/wp-admin/admin-ajax.php HTTP/1.1" 200 67
::1 - - [30/Mar/2022:11:38:32 -0400] "POST /vinylbuzz/wp-admin/admin-ajax.php HTTP/1.1" 200 67
::1 - - [30/Mar/2022:11:38:36 -0400] "GET /vinylbuzz/ HTTP/1.1" 200 9853
::1 - - [30/Mar/2022:11:38:37 -0400] "GET /vinylbuzz/wp-content/uploads/2022/03/Vinyl-Buzz-logos_transparent.png HTTP/1.1" 304 -
::1 - - [30/Mar/2022:11:38:37 -0400] "GET /vinylbuzz/wp-content/uploads/2022/03/Vinyl-Buzz.mp4 HTTP/1.1" 304 -
::1 - - [30/Mar/2022:11:38:37 -0400] "GET /favicon.ico HTTP/1.1" 404 209
::1 - - [30/Mar/2022:11:38:46 -0400] "GET /vinylbuzz/wp-admin/site-editor.php HTTP/1.1" 200 86306
::1 - - [30/Mar/2022:11:38:47 -0400] "GET /vinylbuzz/?_wp-find-template=true HTTP/1.1" 200 1079
::1 - - [30/Mar/2022:11:38:48 -0400] "GET /vinylbuzz/wp-json/wp/v2/settings?_locale=user HTTP/1.1" 200 274
::1 - - [30/Mar/2022:11:38:48 -0400] "GET /vinylbuzz/wp-json/wp/v2/blocks?context=edit&per_page=100&_locale=user HTTP/1.1" 200 22
::1 - - [30/Mar/2022:11:38:48 -0400] "GET /vinylbuzz/wp-json/wp/v2/templates/twentytwentytwo//home?context=edit&_locale=user HTTP/1.1" 200 1198
::1 - - [30/Mar/2022:11:38:48 -0400] "GET /vinylbuzz/wp-json/wp/v2/global-styles/5?_locale=user HTTP/1.1" 200 219
::1 - - [30/Mar/2022:11:38:49 -0400] "GET /vinylbuzz/wp-json/wp/v2/types?context=edit&per_page=100&_locale=user HTTP/1.1" 200 2028
::1 - - [30/Mar/2022:11:38:49 -0400] "OPTIONS /vinylbuzz/wp-json/wp/v2/blocks?_locale=user HTTP/1.1" 200 1562
::1 - - [30/Mar/2022:11:38:49 -0400] "GET /vinylbuzz/wp-json/wp/v2/categories?context=edit&per_page=100&_locale=user HTTP/1.1" 200 277
::1 - - [30/Mar/2022:11:38:49 -0400] "GET /vinylbuzz/wp-json/wp/v2/users?context=edit&per_page=100&_locale=user HTTP/1.1" 200 678
::1 - - [30/Mar/2022:11:38:49 -0400] "GET /vinylbuzz/wp-json/wp/v2/tags?context=edit&per_page=100&_locale=user HTTP/1.1" 200 22
::1 - - [30/Mar/2022:11:38:49 -0400] "GET /vinylbuzz/wp-json/wp/v2/posts?context=edit&offset=0&order=desc&orderby=date&per_page=10&_locale=user HTTP/1.1" 200 765
::1 - - [30/Mar/2022:11:38:50 -0400] "GET /vinylbuzz/wp-json/wp/v2/template-parts?context=edit&_locale=user HTTP/1.1" 200 1372
::1 - - [30/Mar/2022:11:38:50 -0400] "GET /vinylbuzz/wp-json/wp/v2/template-parts/twentytwentytwo//footer?context=edit&_locale=user HTTP/1.1" 200 513
::1 - - [30/Mar/2022:11:38:50 -0400] "GET /vinylbuzz/wp-json/wp/v2/settings?_locale=user HTTP/1.1" 200 274
::1 - - [30/Mar/2022:11:38:50 -0400] "GET /vinylbuzz/wp-json/wp/v2/posts/1?_locale=user HTTP/1.1" 200 608
::1 - - [30/Mar/2022:11:38:50 -0400] "GET /vinylbuzz/wp-json/wp/v2/template-parts?context=edit&area=footer&_locale=user HTTP/1.1" 200 515
::1 - - [30/Mar/2022:11:38:50 -0400] "GET /vinylbuzz/wp-json/?_locale=user HTTP/1.1" 200 9803
::1 - - [30/Mar/2022:11:38:50 -0400] "OPTIONS /vinylbuzz/wp-json/wp/v2/settings?_locale=user HTTP/1.1" 200 924
::1 - - [30/Mar/2022:11:38:59 -0400] "POST /vinylbuzz/wp-admin/admin-ajax.php HTTP/1.1" 200 67
::1 - - [30/Mar/2022:11:39:01 -0400] "GET /vinylbuzz/wp-json/wp/v2/media/11?context=edit&_locale=user HTTP/1.1" 200 799
::1 - - [30/Mar/2022:11:39:29 -0400] "GET /vinylbuzz/wp-content/uploads/2022/03/Vinyl-Buzz-logos_transparent.png HTTP/1.1" 304 -
::1 - - [30/Mar/2022:11:39:30 -0400] "GET /vinylbuzz/wp-json/wp/v2/media?context=edit&include=11&per_page=100&_locale=user HTTP/1.1" 200 801
::1 - - [30/Mar/2022:11:39:48 -0400] "POST /vinylbuzz/wp-admin/admin-ajax.php HTTP/1.1" 200 67
::1 - - [30/Mar/2022:11:40:48 -0400] "POST /vinylbuzz/wp-admin/admin-ajax.php HTTP/1.1" 200 67
::1 - - [30/Mar/2022:11:41:48 -0400] "POST /vinylbuzz/wp-admin/admin-ajax.php HTTP/1.1" 200 67
::1 - - [30/Mar/2022:11:41:51 -0400] "POST /vinylbuzz/wp-json/wp/v2/templates/twentytwentytwo//home?_locale=user HTTP/1.1" 200 1325
::1 - - [30/Mar/2022:11:42:48 -0400] "POST /vinylbuzz/wp-admin/admin-ajax.php HTTP/1.1" 200 67
::1 - - [30/Mar/2022:11:43:26 -0400] "GET /vinylbuzz/wp-content/uploads/2022/03/Vinyl-Buzz-logos_transparent.png HTTP/1.1" 304 -
::1 - - [30/Mar/2022:11:43:48 -0400] "POST /vinylbuzz/wp-admin/admin-ajax.php HTTP/1.1" 200 67
::1 - - [30/Mar/2022:11:44:48 -0400] "POST /vinylbuzz/wp-admin/admin-ajax.php HTTP/1.1" 200 67
::1 - - [30/Mar/2022:11:45:03 -0400] "POST /vinylbuzz/wp-json/wp/v2/templates/twentytwentytwo//home?_locale=user HTTP/1.1" 200 1289
::1 - - [30/Mar/2022:11:45:37 -0400] "GET /vinylbuzz/wp-admin/index.php HTTP/1.1" 200 15668
::1 - - [30/Mar/2022:11:45:38 -0400] "POST /vinylbuzz/wp-admin/admin-ajax.php HTTP/1.1" 200 559
::1 - - [30/Mar/2022:11:45:40 -0400] "GET /vinylbuzz/ HTTP/1.1" 200 9567
::1 - - [30/Mar/2022:11:45:41 -0400] "GET /vinylbuzz/wp-includes/blocks/cover/style.min.css?ver=5.9.2 HTTP/1.1" 200 12571
::1 - - [30/Mar/2022:11:45:41 -0400] "GET /vinylbuzz/wp-content/uploads/2022/03/Vinyl-Buzz-logos_transparent.png HTTP/1.1" 304 -
::1 - - [30/Mar/2022:11:45:41 -0400] "GET /vinylbuzz/wp-content/uploads/2022/03/Vinyl-Buzz.mp4 HTTP/1.1" 304 -
::1 - - [30/Mar/2022:11:45:41 -0400] "GET /favicon.ico HTTP/1.1" 404 209
::1 - - [30/Mar/2022:11:45:57 -0400] "GET /vinylbuzz/wp-admin/site-editor.php HTTP/1.1" 200 86421
::1 - - [30/Mar/2022:11:45:58 -0400] "GET /vinylbuzz/?_wp-find-template=true HTTP/1.1" 200 1168
::1 - - [30/Mar/2022:11:45:59 -0400] "GET /vinylbuzz/wp-json/wp/v2/blocks?context=edit&per_page=100&_locale=user HTTP/1.1" 200 22
::1 - - [30/Mar/2022:11:45:59 -0400] "GET /vinylbuzz/wp-json/wp/v2/settings?_locale=user HTTP/1.1" 200 274
::1 - - [30/Mar/2022:11:45:59 -0400] "GET /vinylbuzz/wp-json/wp/v2/templates/twentytwentytwo//home?context=edit&_locale=user HTTP/1.1" 200 1289
::1 - - [30/Mar/2022:11:45:59 -0400] "GET /vinylbuzz/wp-json/wp/v2/global-styles/5?_locale=user HTTP/1.1" 200 219
::1 - - [30/Mar/2022:11:46:00 -0400] "OPTIONS /vinylbuzz/wp-json/wp/v2/blocks?_locale=user HTTP/1.1" 200 1562
::1 - - [30/Mar/2022:11:46:00 -0400] "GET /vinylbuzz/wp-json/wp/v2/types?context=edit&per_page=100&_locale=user HTTP/1.1" 200 2028
::1 - - [30/Mar/2022:11:46:00 -0400] "GET /vinylbuzz/wp-json/wp/v2/categories?context=edit&per_page=100&_locale=user HTTP/1.1" 200 277
::1 - - [30/Mar/2022:11:46:00 -0400] "GET /vinylbuzz/wp-json/wp/v2/users?context=edit&per_page=100&_locale=user HTTP/1.1" 200 678
::1 - - [30/Mar/2022:11:46:00 -0400] "GET /vinylbuzz/wp-json/wp/v2/tags?context=edit&per_page=100&_locale=user HTTP/1.1" 200 22
::1 - - [30/Mar/2022:11:46:00 -0400] "GET /vinylbuzz/wp-json/wp/v2/posts?context=edit&offset=0&order=desc&orderby=date&per_page=10&_locale=user HTTP/1.1" 200 765
::1 - - [30/Mar/2022:11:46:00 -0400] "GET /vinylbuzz/wp-json/wp/v2/template-parts?context=edit&_locale=user HTTP/1.1" 200 1372
::1 - - [30/Mar/2022:11:46:00 -0400] "GET /vinylbuzz/wp-json/wp/v2/template-parts/twentytwentytwo//footer?context=edit&_locale=user HTTP/1.1" 200 513
::1 - - [30/Mar/2022:11:46:00 -0400] "GET /vinylbuzz/wp-json/wp/v2/template-parts?context=edit&area=footer&_locale=user HTTP/1.1" 200 515
::1 - - [30/Mar/2022:11:46:01 -0400] "GET /vinylbuzz/wp-json/wp/v2/settings?_locale=user HTTP/1.1" 200 274
::1 - - [30/Mar/2022:11:46:01 -0400] "OPTIONS /vinylbuzz/wp-json/wp/v2/settings?_locale=user HTTP/1.1" 200 924
::1 - - [30/Mar/2022:11:46:01 -0400] "GET /vinylbuzz/wp-json/?_locale=user HTTP/1.1" 200 9803
::1 - - [30/Mar/2022:11:46:01 -0400] "GET /vinylbuzz/wp-json/wp/v2/posts/1?_locale=user HTTP/1.1" 200 608
::1 - - [30/Mar/2022:11:46:09 -0400] "POST /vinylbuzz/wp-admin/admin-ajax.php HTTP/1.1" 200 917
::1 - - [30/Mar/2022:11:46:09 -0400] "GET /vinylbuzz/wp-includes/images/media/video.png HTTP/1.1" 200 283
::1 - - [30/Mar/2022:11:46:09 -0400] "GET /vinylbuzz/wp-content/uploads/2022/03/IMG_7532-3.jpg HTTP/1.1" 304 -
::1 - - [30/Mar/2022:11:46:09 -0400] "POST /vinylbuzz/wp-admin/admin-ajax.php HTTP/1.1" 200 542
::1 - - [30/Mar/2022:11:46:58 -0400] "POST /vinylbuzz/wp-json/wp/v2/templates/twentytwentytwo//home?_locale=user HTTP/1.1" 200 1313
::1 - - [30/Mar/2022:11:46:58 -0400] "POST /vinylbuzz/wp-admin/admin-ajax.php HTTP/1.1" 200 67
::1 - - [30/Mar/2022:11:47:05 -0400] "GET /vinylbuzz/wp-admin/index.php HTTP/1.1" 200 15668
::1 - - [30/Mar/2022:11:47:05 -0400] "POST /vinylbuzz/wp-admin/admin-ajax.php HTTP/1.1" 200 559
::1 - - [30/Mar/2022:11:47:08 -0400] "GET /vinylbuzz/ HTTP/1.1" 200 9612
::1 - - [30/Mar/2022:11:47:09 -0400] "GET /favicon.ico HTTP/1.1" 404 209
::1 - - [30/Mar/2022:11:47:12 -0400] "GET /vinylbuzz/ HTTP/1.1" 200 9615
::1 - - [30/Mar/2022:11:47:12 -0400] "GET /vinylbuzz/wp-content/uploads/2022/03/Vinyl-Buzz-logos_transparent.png HTTP/1.1" 304 -
::1 - - [30/Mar/2022:11:47:21 -0400] "POST /vinylbuzz/wp-admin/admin-ajax.php HTTP/1.1" 200 67
::1 - - [30/Mar/2022:11:47:33 -0400] "GET /vinylbuzz/ HTTP/1.1" 200 9611
::1 - - [30/Mar/2022:11:47:34 -0400] "GET /vinylbuzz/wp-content/uploads/2022/03/Vinyl-Buzz.mp4 HTTP/1.1" 304 -
::1 - - [30/Mar/2022:11:47:37 -0400] "GET /vinylbuzz/wp-admin/site-editor.php HTTP/1.1" 200 86442
::1 - - [30/Mar/2022:11:47:38 -0400] "GET /vinylbuzz/?_wp-find-template=true HTTP/1.1" 200 1193
::1 - - [30/Mar/2022:11:47:38 -0400] "GET /vinylbuzz/wp-json/wp/v2/settings?_locale=user HTTP/1.1" 200 274
::1 - - [30/Mar/2022:11:47:38 -0400] "GET /vinylbuzz/wp-json/wp/v2/blocks?context=edit&per_page=100&_locale=user HTTP/1.1" 200 22
::1 - - [30/Mar/2022:11:47:38 -0400] "GET /vinylbuzz/wp-json/wp/v2/templates/twentytwentytwo//home?context=edit&_locale=user HTTP/1.1" 200 1313
::1 - - [30/Mar/2022:11:47:39 -0400] "GET /vinylbuzz/wp-json/wp/v2/global-styles/5?_locale=user HTTP/1.1" 200 219
::1 - - [30/Mar/2022:11:47:40 -0400] "OPTIONS /vinylbuzz/wp-json/wp/v2/blocks?_locale=user HTTP/1.1" 200 1562
::1 - - [30/Mar/2022:11:47:40 -0400] "GET /vinylbuzz/wp-json/wp/v2/types?context=edit&per_page=100&_locale=user HTTP/1.1" 200 2028
::1 - - [30/Mar/2022:11:47:40 -0400] "GET /vinylbuzz/wp-json/wp/v2/tags?context=edit&per_page=100&_locale=user HTTP/1.1" 200 22
::1 - - [30/Mar/2022:11:47:40 -0400] "GET /vinylbuzz/wp-json/wp/v2/users?context=edit&per_page=100&_locale=user HTTP/1.1" 200 678
::1 - - [30/Mar/2022:11:47:40 -0400] "GET /vinylbuzz/wp-json/wp/v2/posts?context=edit&offset=0&order=desc&orderby=date&per_page=10&_locale=user HTTP/1.1" 200 765
::1 - - [30/Mar/2022:11:47:40 -0400] "GET /vinylbuzz/wp-json/wp/v2/categories?context=edit&per_page=100&_locale=user HTTP/1.1" 200 277
::1 - - [30/Mar/2022:11:47:40 -0400] "GET /vinylbuzz/wp-json/?_locale=user HTTP/1.1" 200 9803
::1 - - [30/Mar/2022:11:47:40 -0400] "GET /vinylbuzz/wp-json/wp/v2/template-parts?context=edit&_locale=user HTTP/1.1" 200 1372
::1 - - [30/Mar/2022:11:47:40 -0400] "GET /vinylbuzz/wp-json/wp/v2/settings?_locale=user HTTP/1.1" 200 274
::1 - - [30/Mar/2022:11:47:40 -0400] "GET /vinylbuzz/wp-json/wp/v2/template-parts/twentytwentytwo//footer?context=edit&_locale=user HTTP/1.1" 200 513
::1 - - [30/Mar/2022:11:47:40 -0400] "OPTIONS /vinylbuzz/wp-json/wp/v2/settings?_locale=user HTTP/1.1" 200 924
::1 - - [30/Mar/2022:11:47:40 -0400] "GET /vinylbuzz/wp-json/wp/v2/template-parts?context=edit&area=footer&_locale=user HTTP/1.1" 200 515
::1 - - [30/Mar/2022:11:47:41 -0400] "GET /vinylbuzz/wp-json/wp/v2/posts/1?_locale=user HTTP/1.1" 200 608
::1 - - [30/Mar/2022:11:48:38 -0400] "POST /vinylbuzz/wp-admin/admin-ajax.php HTTP/1.1" 200 67
::1 - - [30/Mar/2022:11:48:57 -0400] "POST /vinylbuzz/wp-json/wp/v2/templates/twentytwentytwo//home?_locale=user HTTP/1.1" 200 1353
::1 - - [30/Mar/2022:11:49:33 -0400] "GET /vinylbuzz/ HTTP/1.1" 200 9628
::1 - - [30/Mar/2022:11:49:33 -0400] "GET /vinylbuzz/wp-content/uploads/2022/03/Vinyl-Buzz-logos_transparent.png HTTP/1.1" 304 -
::1 - - [30/Mar/2022:11:49:40 -0400] "GET /vinylbuzz/ HTTP/1.1" 200 9629
::1 - - [30/Mar/2022:11:49:48 -0400] "GET /vinylbuzz/wp-admin/site-editor.php HTTP/1.1" 200 86479
::1 - - [30/Mar/2022:11:49:50 -0400] "GET /vinylbuzz/?_wp-find-template=true HTTP/1.1" 200 1230
::1 - - [30/Mar/2022:11:49:50 -0400] "GET /vinylbuzz/wp-json/wp/v2/blocks?context=edit&per_page=100&_locale=user HTTP/1.1" 200 22
::1 - - [30/Mar/2022:11:49:50 -0400] "GET /vinylbuzz/wp-json/wp/v2/settings?_locale=user HTTP/1.1" 200 274
::1 - - [30/Mar/2022:11:49:50 -0400] "GET /vinylbuzz/wp-json/wp/v2/templates/twentytwentytwo//home?context=edit&_locale=user HTTP/1.1" 200 1353
::1 - - [30/Mar/2022:11:49:51 -0400] "GET /vinylbuzz/wp-json/wp/v2/global-styles/5?_locale=user HTTP/1.1" 200 219
::1 - - [30/Mar/2022:11:49:51 -0400] "GET /vinylbuzz/wp-content/uploads/2022/03/Vinyl-Buzz.mp4 HTTP/1.1" 304 -
::1 - - [30/Mar/2022:11:49:51 -0400] "OPTIONS /vinylbuzz/wp-json/wp/v2/blocks?_locale=user HTTP/1.1" 200 1562
::1 - - [30/Mar/2022:11:49:51 -0400] "GET /vinylbuzz/wp-json/wp/v2/types?context=edit&per_page=100&_locale=user HTTP/1.1" 200 2028
::1 - - [30/Mar/2022:11:49:51 -0400] "GET /vinylbuzz/wp-json/wp/v2/categories?context=edit&per_page=100&_locale=user HTTP/1.1" 200 277
::1 - - [30/Mar/2022:11:49:51 -0400] "GET /vinylbuzz/wp-json/wp/v2/users?context=edit&per_page=100&_locale=user HTTP/1.1" 200 678
::1 - - [30/Mar/2022:11:49:51 -0400] "GET /vinylbuzz/wp-json/wp/v2/tags?context=edit&per_page=100&_locale=user HTTP/1.1" 200 22
::1 - - [30/Mar/2022:11:49:51 -0400] "GET /vinylbuzz/wp-json/wp/v2/posts?context=edit&offset=0&order=desc&orderby=date&per_page=10&_locale=user HTTP/1.1" 200 765
::1 - - [30/Mar/2022:11:49:52 -0400] "GET /vinylbuzz/wp-json/wp/v2/template-parts/twentytwentytwo//footer?context=edit&_locale=user HTTP/1.1" 200 513
::1 - - [30/Mar/2022:11:49:52 -0400] "GET /vinylbuzz/wp-json/wp/v2/template-parts?context=edit&_locale=user HTTP/1.1" 200 1372
::1 - - [30/Mar/2022:11:49:52 -0400] "GET /vinylbuzz/wp-json/wp/v2/template-parts?context=edit&area=footer&_locale=user HTTP/1.1" 200 515
::1 - - [30/Mar/2022:11:49:52 -0400] "GET /vinylbuzz/wp-json/wp/v2/settings?_locale=user HTTP/1.1" 200 274
::1 - - [30/Mar/2022:11:49:52 -0400] "OPTIONS /vinylbuzz/wp-json/wp/v2/settings?_locale=user HTTP/1.1" 200 924
::1 - - [30/Mar/2022:11:49:52 -0400] "GET /vinylbuzz/wp-json/?_locale=user HTTP/1.1" 200 9803
::1 - - [30/Mar/2022:11:49:52 -0400] "GET /vinylbuzz/wp-json/wp/v2/posts/1?_locale=user HTTP/1.1" 200 608
::1 - - [30/Mar/2022:11:50:50 -0400] "POST /vinylbuzz/wp-admin/admin-ajax.php HTTP/1.1" 200 67
::1 - - [30/Mar/2022:11:52:05 -0400] "POST /vinylbuzz/wp-admin/admin-ajax.php HTTP/1.1" 200 67
::1 - - [30/Mar/2022:11:53:05 -0400] "POST /vinylbuzz/wp-admin/admin-ajax.php HTTP/1.1" 200 67
::1 - - [30/Mar/2022:11:53:48 -0400] "POST /vinylbuzz/wp-json/wp/v2/media?_locale=user HTTP/1.1" 201 795
::1 - - [30/Mar/2022:11:53:48 -0400] "GET /vinylbuzz/wp-content/uploads/2022/03/Vinyl-Buzz-logo.jpg HTTP/1.1" 200 82366
::1 - - [30/Mar/2022:11:53:48 -0400] "GET /vinylbuzz/wp-content/uploads/2022/03/Vinyl-Buzz-logo.jpg HTTP/1.1" 304 -
::1 - - [30/Mar/2022:11:54:05 -0400] "POST /vinylbuzz/wp-admin/admin-ajax.php HTTP/1.1" 200 67
::1 - - [30/Mar/2022:11:54:08 -0400] "POST /vinylbuzz/wp-json/wp/v2/templates/twentytwentytwo//home?_locale=user HTTP/1.1" 200 1358
::1 - - [30/Mar/2022:11:54:16 -0400] "GET /vinylbuzz/ HTTP/1.1" 200 9627
::1 - - [30/Mar/2022:11:54:17 -0400] "GET /vinylbuzz/wp-content/uploads/2022/03/Vinyl-Buzz-logo.jpg HTTP/1.1" 304 -
::1 - - [30/Mar/2022:11:54:17 -0400] "GET /vinylbuzz/wp-content/uploads/2022/03/Vinyl-Buzz.mp4 HTTP/1.1" 304 -
::1 - - [30/Mar/2022:11:54:23 -0400] "GET /vinylbuzz/wp-admin/site-editor.php HTTP/1.1" 200 86482
::1 - - [30/Mar/2022:11:54:24 -0400] "GET /vinylbuzz/?_wp-find-template=true HTTP/1.1" 200 1237
::1 - - [30/Mar/2022:11:54:25 -0400] "GET /vinylbuzz/wp-json/wp/v2/blocks?context=edit&per_page=100&_locale=user HTTP/1.1" 200 22
::1 - - [30/Mar/2022:11:54:25 -0400] "GET /vinylbuzz/wp-json/wp/v2/settings?_locale=user HTTP/1.1" 200 274
::1 - - [30/Mar/2022:11:54:25 -0400] "GET /vinylbuzz/wp-json/wp/v2/templates/twentytwentytwo//home?context=edit&_locale=user HTTP/1.1" 200 1358
::1 - - [30/Mar/2022:11:54:25 -0400] "GET /vinylbuzz/wp-json/wp/v2/global-styles/5?_locale=user HTTP/1.1" 200 219
::1 - - [30/Mar/2022:11:54:26 -0400] "GET /vinylbuzz/wp-content/uploads/2022/03/Vinyl-Buzz-logo.jpg HTTP/1.1" 304 -
::1 - - [30/Mar/2022:11:54:26 -0400] "OPTIONS /vinylbuzz/wp-json/wp/v2/blocks?_locale=user HTTP/1.1" 200 1562
::1 - - [30/Mar/2022:11:54:26 -0400] "GET /vinylbuzz/wp-json/wp/v2/types?context=edit&per_page=100&_locale=user HTTP/1.1" 200 2028
::1 - - [30/Mar/2022:11:54:26 -0400] "GET /vinylbuzz/wp-json/wp/v2/categories?context=edit&per_page=100&_locale=user HTTP/1.1" 200 277
::1 - - [30/Mar/2022:11:54:26 -0400] "GET /vinylbuzz/wp-json/wp/v2/users?context=edit&per_page=100&_locale=user HTTP/1.1" 200 678
::1 - - [30/Mar/2022:11:54:26 -0400] "GET /vinylbuzz/wp-json/wp/v2/tags?context=edit&per_page=100&_locale=user HTTP/1.1" 200 22
::1 - - [30/Mar/2022:11:54:26 -0400] "GET /vinylbuzz/wp-json/wp/v2/posts?context=edit&offset=0&order=desc&orderby=date&per_page=10&_locale=user HTTP/1.1" 200 765
::1 - - [30/Mar/2022:11:54:27 -0400] "GET /vinylbuzz/wp-json/wp/v2/template-parts?context=edit&_locale=user HTTP/1.1" 200 1372
::1 - - [30/Mar/2022:11:54:27 -0400] "GET /vinylbuzz/wp-json/wp/v2/template-parts?context=edit&area=footer&_locale=user HTTP/1.1" 200 515
::1 - - [30/Mar/2022:11:54:27 -0400] "GET /vinylbuzz/wp-json/wp/v2/template-parts/twentytwentytwo//footer?context=edit&_locale=user HTTP/1.1" 200 513
::1 - - [30/Mar/2022:11:54:27 -0400] "GET /vinylbuzz/wp-json/wp/v2/settings?_locale=user HTTP/1.1" 200 274
::1 - - [30/Mar/2022:11:54:27 -0400] "OPTIONS /vinylbuzz/wp-json/wp/v2/settings?_locale=user HTTP/1.1" 200 924
::1 - - [30/Mar/2022:11:54:27 -0400] "GET /vinylbuzz/wp-json/?_locale=user HTTP/1.1" 200 9803
::1 - - [30/Mar/2022:11:54:27 -0400] "GET /vinylbuzz/wp-json/wp/v2/posts/1?_locale=user HTTP/1.1" 200 608
::1 - - [30/Mar/2022:11:54:53 -0400] "POST /vinylbuzz/wp-json/wp/v2/media?_locale=user HTTP/1.1" 201 797
::1 - - [30/Mar/2022:11:54:53 -0400] "GET /vinylbuzz/wp-content/uploads/2022/03/Vinyl-Buzz-logo-1.jpg HTTP/1.1" 200 82366
::1 - - [30/Mar/2022:11:54:53 -0400] "GET /vinylbuzz/wp-json/wp/v2/media/19?context=edit&_locale=user HTTP/1.1" 200 797
::1 - - [30/Mar/2022:11:55:24 -0400] "POST /vinylbuzz/wp-admin/admin-ajax.php HTTP/1.1" 200 67
::1 - - [30/Mar/2022:11:56:24 -0400] "POST /vinylbuzz/wp-admin/admin-ajax.php HTTP/1.1" 200 67
::1 - - [30/Mar/2022:11:57:24 -0400] "POST /vinylbuzz/wp-admin/admin-ajax.php HTTP/1.1" 200 67
::1 - - [30/Mar/2022:11:57:58 -0400] "GET /vinylbuzz/wp-json/wp/v2/users?context=view&search=&_locale=user HTTP/1.1" 200 267
::1 - - [30/Mar/2022:11:57:58 -0400] "GET /vinylbuzz/wp-json/wp/v2/users?context=view&search=g&_locale=user HTTP/1.1" 200 22
::1 - - [30/Mar/2022:11:57:59 -0400] "GET /vinylbuzz/wp-json/wp/v2/users?context=view&search=gma&_locale=user HTTP/1.1" 200 22
::1 - - [30/Mar/2022:11:57:58 -0400] "GET /vinylbuzz/wp-json/wp/v2/users?context=view&search=gm&_locale=user HTTP/1.1" 200 22
::1 - - [30/Mar/2022:11:57:59 -0400] "GET /vinylbuzz/wp-json/wp/v2/users?context=view&search=gmai&_locale=user HTTP/1.1" 200 22
::1 - - [30/Mar/2022:11:57:59 -0400] "GET /vinylbuzz/wp-json/wp/v2/users?context=view&search=gmail&_locale=user HTTP/1.1" 200 22
::1 - - [30/Mar/2022:11:57:59 -0400] "GET /vinylbuzz/wp-json/wp/v2/users?context=view&search=gmail.&_locale=user HTTP/1.1" 200 22
::1 - - [30/Mar/2022:11:57:59 -0400] "GET /vinylbuzz/wp-json/wp/v2/users?context=view&search=gmail.c&_locale=user HTTP/1.1" 200 22
::1 - - [30/Mar/2022:11:57:59 -0400] "GET /vinylbuzz/wp-json/wp/v2/users?context=view&search=gmail.co&_locale=user HTTP/1.1" 200 22
::1 - - [30/Mar/2022:11:58:00 -0400] "GET /vinylbuzz/wp-json/wp/v2/users?context=view&search=gmail.com&_locale=user HTTP/1.1" 200 22
::1 - - [30/Mar/2022:11:58:09 -0400] "GET /vinylbuzz/wp-json/wp/v2/users?context=view&search=gmail.com%250A518-9&_locale=user HTTP/1.1" 200 22
::1 - - [30/Mar/2022:11:58:09 -0400] "GET /vinylbuzz/wp-json/wp/v2/users?context=view&search=gmail.com%250A518-&_locale=user HTTP/1.1" 200 22
::1 - - [30/Mar/2022:11:58:24 -0400] "POST /vinylbuzz/wp-admin/admin-ajax.php HTTP/1.1" 200 67
::1 - - [30/Mar/2022:11:59:05 -0400] "GET /vinylbuzz/wp-json/wp-block-editor/v1/url-details?url=https%3A%2F%2Fwww.facebook.com%2Fvinylbuzzmusic&_locale=user HTTP/1.1" 200 431
::1 - - [30/Mar/2022:11:59:11 -0400] "GET /vinylbuzz/wp-json/wp/v2/users?context=view&search=gmail.com%250A518-961-2947%250A&_locale=user HTTP/1.1" 200 22
::1 - - [30/Mar/2022:11:59:24 -0400] "POST /vinylbuzz/wp-admin/admin-ajax.php HTTP/1.1" 200 67
::1 - - [30/Mar/2022:11:59:33 -0400] "GET /vinylbuzz/wp-json/wp/v2/users?context=view&search=gmail.com%250A518-961-2947&_locale=user HTTP/1.1" 200 22
::1 - - [30/Mar/2022:11:59:37 -0400] "GET /vinylbuzz/wp-json/wp/v2/users?context=view&search=gmail.com%250A518-961-2947%250Afacebook.com%252Fvinylbuzzmusic&_locale=user HTTP/1.1" 200 22
::1 - - [30/Mar/2022:12:00:24 -0400] "POST /vinylbuzz/wp-admin/admin-ajax.php HTTP/1.1" 200 67
::1 - - [30/Mar/2022:12:01:24 -0400] "POST /vinylbuzz/wp-admin/admin-ajax.php HTTP/1.1" 200 67
::1 - - [30/Mar/2022:12:02:24 -0400] "POST /vinylbuzz/wp-admin/admin-ajax.php HTTP/1.1" 200 67
::1 - - [30/Mar/2022:12:03:16 -0400] "POST /vinylbuzz/wp-json/wp/v2/templates/twentytwentytwo//home?_locale=user HTTP/1.1" 200 1282
::1 - - [30/Mar/2022:12:03:24 -0400] "POST /vinylbuzz/wp-admin/admin-ajax.php HTTP/1.1" 200 67
::1 - - [30/Mar/2022:12:03:25 -0400] "GET /vinylbuzz/wp-json/wp/v2/types/wp_template_part?context=edit&_locale=user HTTP/1.1" 200 833
::1 - - [30/Mar/2022:12:03:25 -0400] "GET /vinylbuzz/wp-json/wp/v2/themes/twentytwentytwo?context=edit&_locale=user HTTP/1.1" 200 1265
::1 - - [30/Mar/2022:12:03:31 -0400] "GET /vinylbuzz/wp-content/uploads/2022/03/Vinyl-Buzz-logo-1.jpg HTTP/1.1" 304 -
::1 - - [30/Mar/2022:12:03:32 -0400] "GET /vinylbuzz/wp-content/uploads/2022/03/Vinyl-Buzz.mp4 HTTP/1.1" 304 -
::1 - - [30/Mar/2022:12:04:24 -0400] "POST /vinylbuzz/wp-admin/admin-ajax.php HTTP/1.1" 200 67
::1 - - [30/Mar/2022:12:05:24 -0400] "POST /vinylbuzz/wp-admin/admin-ajax.php HTTP/1.1" 200 67
::1 - - [30/Mar/2022:12:06:24 -0400] "POST /vinylbuzz/wp-admin/admin-ajax.php HTTP/1.1" 200 67
::1 - - [30/Mar/2022:12:07:24 -0400] "POST /vinylbuzz/wp-admin/admin-ajax.php HTTP/1.1" 200 67
::1 - - [30/Mar/2022:12:08:06 -0400] "POST /vinylbuzz/wp-json/wp/v2/templates/twentytwentytwo//home?_locale=user HTTP/1.1" 200 1143
::1 - - [30/Mar/2022:12:08:17 -0400] "GET /vinylbuzz/ HTTP/1.1" 200 9619
::1 - - [30/Mar/2022:12:08:18 -0400] "GET /vinylbuzz/wp-content/uploads/2022/03/Vinyl-Buzz-logo-1.jpg HTTP/1.1" 304 -
::1 - - [30/Mar/2022:12:08:18 -0400] "GET /vinylbuzz/wp-content/uploads/2022/03/Vinyl-Buzz.mp4 HTTP/1.1" 304 -
::1 - - [30/Mar/2022:12:08:33 -0400] "GET /vinylbuzz/wp-admin/site-editor.php HTTP/1.1" 200 86448
::1 - - [30/Mar/2022:12:08:34 -0400] "GET /vinylbuzz/?_wp-find-template=true HTTP/1.1" 200 1021
::1 - - [30/Mar/2022:12:08:34 -0400] "GET /vinylbuzz/wp-json/wp/v2/blocks?context=edit&per_page=100&_locale=user HTTP/1.1" 200 22
::1 - - [30/Mar/2022:12:08:34 -0400] "GET /vinylbuzz/wp-json/wp/v2/settings?_locale=user HTTP/1.1" 200 274
::1 - - [30/Mar/2022:12:08:34 -0400] "GET /vinylbuzz/wp-json/wp/v2/templates/twentytwentytwo//home?context=edit&_locale=user HTTP/1.1" 200 1143
::1 - - [30/Mar/2022:12:08:35 -0400] "GET /vinylbuzz/wp-json/wp/v2/global-styles/5?_locale=user HTTP/1.1" 200 219
::1 - - [30/Mar/2022:12:08:36 -0400] "OPTIONS /vinylbuzz/wp-json/wp/v2/blocks?_locale=user HTTP/1.1" 200 1562
::1 - - [30/Mar/2022:12:08:36 -0400] "GET /vinylbuzz/wp-json/wp/v2/types?context=edit&per_page=100&_locale=user HTTP/1.1" 200 2028
::1 - - [30/Mar/2022:12:08:36 -0400] "GET /vinylbuzz/wp-json/wp/v2/categories?context=edit&per_page=100&_locale=user HTTP/1.1" 200 277
::1 - - [30/Mar/2022:12:08:36 -0400] "GET /vinylbuzz/wp-json/wp/v2/users?context=edit&per_page=100&_locale=user HTTP/1.1" 200 678
::1 - - [30/Mar/2022:12:08:36 -0400] "GET /vinylbuzz/wp-json/wp/v2/tags?context=edit&per_page=100&_locale=user HTTP/1.1" 200 22
::1 - - [30/Mar/2022:12:08:36 -0400] "GET /vinylbuzz/wp-json/wp/v2/posts?context=edit&offset=0&order=desc&orderby=date&per_page=10&_locale=user HTTP/1.1" 200 765
::1 - - [30/Mar/2022:12:08:36 -0400] "GET /vinylbuzz/wp-json/wp/v2/template-parts?context=edit&_locale=user HTTP/1.1" 200 1372
::1 - - [30/Mar/2022:12:08:36 -0400] "GET /vinylbuzz/wp-json/wp/v2/template-parts/twentytwentytwo//footer?context=edit&_locale=user HTTP/1.1" 200 513
::1 - - [30/Mar/2022:12:08:36 -0400] "GET /vinylbuzz/wp-json/wp/v2/template-parts?context=edit&area=footer&_locale=user HTTP/1.1" 200 515
::1 - - [30/Mar/2022:12:08:36 -0400] "OPTIONS /vinylbuzz/wp-json/wp/v2/settings?_locale=user HTTP/1.1" 200 924
::1 - - [30/Mar/2022:12:08:36 -0400] "GET /vinylbuzz/wp-json/wp/v2/settings?_locale=user HTTP/1.1" 200 274
::1 - - [30/Mar/2022:12:08:36 -0400] "GET /vinylbuzz/wp-json/?_locale=user HTTP/1.1" 200 9803
::1 - - [30/Mar/2022:12:09:05 -0400] "POST /vinylbuzz/wp-json/wp/v2/templates/twentytwentytwo//home?_locale=user HTTP/1.1" 200 1141
::1 - - [30/Mar/2022:12:09:05 -0400] "POST /vinylbuzz/wp-json/wp/v2/template-parts/twentytwentytwo//footer?_locale=user HTTP/1.1" 200 710
::1 - - [30/Mar/2022:12:09:06 -0400] "GET /vinylbuzz/wp-json/wp/v2/template-parts?context=edit&area=footer&_locale=user HTTP/1.1" 200 711
::1 - - [30/Mar/2022:12:09:34 -0400] "POST /vinylbuzz/wp-admin/admin-ajax.php HTTP/1.1" 200 67
::1 - - [30/Mar/2022:12:09:44 -0400] "GET /vinylbuzz/wp-json/wp/v2/media/19?context=edit&_locale=user HTTP/1.1" 200 797
::1 - - [30/Mar/2022:12:10:03 -0400] "POST /vinylbuzz/wp-json/wp/v2/templates/twentytwentytwo//home?_locale=user HTTP/1.1" 200 1141
::1 - - [30/Mar/2022:12:10:34 -0400] "POST /vinylbuzz/wp-admin/admin-ajax.php HTTP/1.1" 200 67
::1 - - [30/Mar/2022:12:10:37 -0400] "GET /vinylbuzz/wp-admin/index.php HTTP/1.1" 200 15667
::1 - - [30/Mar/2022:12:10:38 -0400] "POST /vinylbuzz/wp-admin/admin-ajax.php HTTP/1.1" 200 559
::1 - - [30/Mar/2022:12:11:39 -0400] "POST /vinylbuzz/wp-admin/admin-ajax.php HTTP/1.1" 200 67
::1 - - [30/Mar/2022:12:12:39 -0400] "POST /vinylbuzz/wp-admin/admin-ajax.php HTTP/1.1" 200 67
::1 - - [30/Mar/2022:12:14:40 -0400] "POST /vinylbuzz/wp-admin/admin-ajax.php HTTP/1.1" 200 67
::1 - - [30/Mar/2022:12:16:41 -0400] "POST /vinylbuzz/wp-cron.php?doing_wp_cron=1648657001.5872900485992431640625 HTTP/1.1" 200 20
::1 - - [30/Mar/2022:12:16:41 -0400] "POST /vinylbuzz/wp-admin/admin-ajax.php HTTP/1.1" 200 67
